src/App.tsx(17,1): error TS6133: 'CallButton' is declared but its value is never read.
src/App.tsx(179,41): error TS2339: Property 'role' does not exist on type 'never'.
src/components/about/About.tsx(6,3): error TS6133: 'MapPin' is declared but its value is never read.
src/components/about/About.tsx(7,3): error TS6133: 'ArrowRight' is declared but its value is never read.
src/components/about/constants.tsx(2,1): error TS6133: 'React' is declared but its value is never read.
src/components/admin/AdminLayout.tsx(74,1): error TS6133: 'VideoForm' is declared but its value is never read.
src/components/admin/AdminLayout.tsx(113,44): error TS2339: Property 'firstName' does not exist on type 'never'.
src/components/admin/AdminLayout.tsx(114,30): error TS2339: Property 'email' does not exist on type 'never'.
src/components/admin/AdminLayout.tsx(115,48): error TS2339: Property 'avatar' does not exist on type 'never'.
src/components/admin/AdminLayout.tsx(587,62): error TS2739: Type '{}' is missing the following properties from type 'ShowcaseSectionFormProps': onSubmit, onCancel
src/components/admin/AdminLayout.tsx(588,67): error TS2739: Type '{}' is missing the following properties from type 'ShowcaseSectionFormProps': onSubmit, onCancel
src/components/admin/ageRange/AgeRangeForm.tsx(3,10): error TS6133: 'AgeRange' is declared but its value is never read.
src/components/admin/ageRange/AgeRangeList.tsx(55,20): error TS2345: Argument of type '(prev: AgeRangeFilters) => { status: string; page: number; search?: string | undefined; minAge?: number | undefined; maxAge?: number | undefined; limit?: number | undefined; }' is not assignable to parameter of type 'SetStateAction<AgeRangeFilters>'.
  Type '(prev: AgeRangeFilters) => { status: string; page: number; search?: string | undefined; minAge?: number | undefined; maxAge?: number | undefined; limit?: number | undefined; }' is not assignable to type '(prevState: AgeRangeFilters) => AgeRangeFilters'.
    Call signature return types '{ status: string; page: number; search?: string | undefined; minAge?: number | undefined; maxAge?: number | undefined; limit?: number | undefined; }' and 'AgeRangeFilters' are incompatible.
      The types of 'status' are incompatible between these types.
        Type 'string' is not assignable to type '"" | "active" | "inactive" | undefined'.
src/components/admin/blog/BlogEditor.tsx(3,23): error TS6133: 'Blog' is declared but its value is never read.
src/components/admin/blog/BlogEditor.tsx(5,17): error TS7016: Could not find a declaration file for module '../../config/axiosConfig'. 'D:/Subash/project/lokestore/frontend/src/components/config/axiosConfig.js' implicitly has an 'any' type.
src/components/admin/blog/BlogStatistics.tsx(144,18): error TS18048: 'blog.status' is possibly 'undefined'.
src/components/admin/blog/BlogStatistics.tsx(144,56): error TS18048: 'blog.status' is possibly 'undefined'.
src/components/admin/brands/BrandForm.tsx(8,3): error TS6133: 'getBaseURL' is declared but its value is never read.
src/components/admin/brands/BrandForm.tsx(11,3): error TS6133: 'getImageAltText' is declared but its value is never read.
src/components/admin/brands/BrandForm.tsx(12,3): error TS6133: 'getImagePathForStorage' is declared but its value is never read.
src/components/admin/brands/BrandForm.tsx(27,10): error TS6133: 'originalLogoUrl' is declared but its value is never read.
src/components/admin/brands/BrandForm.tsx(191,9): error TS6133: 'result' is declared but its value is never read.
src/components/admin/brands/BrandList.tsx(67,9): error TS6133: 'handleDelete' is declared but its value is never read.
src/components/admin/categories/CategoryList.tsx(8,1): error TS6133: 'StatusBadge' is declared but its value is never read.
src/components/admin/categories/CategoryList.tsx(62,9): error TS6133: 'handleBulkAction' is declared but its value is never read.
src/components/admin/categories/CategoryList.tsx(63,10): error TS2304: Cannot find name 'bulkAction'.
src/components/admin/categories/CategoryList.tsx(63,24): error TS2304: Cannot find name 'selectedCategories'.
src/components/admin/categories/CategoryList.tsx(66,11): error TS2304: Cannot find name 'bulkAction'.
src/components/admin/categories/CategoryList.tsx(67,68): error TS2304: Cannot find name 'selectedCategories'.
src/components/admin/categories/CategoryList.tsx(72,11): error TS2304: Cannot find name 'selectedCategories'.
src/components/admin/categories/CategoryList.tsx(72,34): error TS7006: Parameter 'id' implicitly has an 'any' type.
src/components/admin/categories/CategoryList.tsx(76,18): error TS2304: Cannot find name 'bulkAction'.
src/components/admin/categories/CategoryList.tsx(78,11): error TS2304: Cannot find name 'selectedCategories'.
src/components/admin/categories/CategoryList.tsx(78,34): error TS7006: Parameter 'id' implicitly has an 'any' type.
src/components/admin/categories/CategoryList.tsx(84,7): error TS2304: Cannot find name 'setSelectedCategories'.
src/components/admin/categories/CategoryList.tsx(85,7): error TS2304: Cannot find name 'setBulkAction'.
src/components/admin/categories/CategoryList.tsx(190,14): error TS2739: Type '{ categories: Category[]; onStatusToggle: (categoryId: string, currentStatus: string) => Promise<void>; onDelete: (categoryId: string, categoryName: string) => Promise<...>; onEdit: (id: string) => void; }' is missing the following properties from type 'CategoryTableProps': selectedCategories, onSelectionChange
src/components/admin/categories/CategoryTable.tsx(19,3): error TS6133: 'selectedCategories' is declared but its value is never read.
src/components/admin/categories/CategoryTable.tsx(20,3): error TS6133: 'onSelectionChange' is declared but its value is never read.
src/components/admin/categories/CategoryTable.tsx(45,40): error TS2367: This comparison appears to be unintentional because the types '"activated" | "deactivated"' and '"activating"' have no overlap.
src/components/admin/categories/CategoryTable.tsx(180,75): error TS2322: Type '{ className: string; title: string; }' is not assignable to type 'IntrinsicAttributes & Omit<LucideProps, "ref"> & RefAttributes<SVGSVGElement>'.
  Property 'title' does not exist on type 'IntrinsicAttributes & Omit<LucideProps, "ref"> & RefAttributes<SVGSVGElement>'.
src/components/admin/categories/CategoryTable.tsx(199,34): error TS2345: Argument of type 'string | Category | null | undefined' is not assignable to parameter of type 'string | Category | undefined'.
  Type 'null' is not assignable to type 'string | Category | undefined'.
src/components/admin/common/LoadingSpinner.tsx(3,1): error TS6133: 'Icons' is declared but its value is never read.
src/components/admin/common/SearchBar.tsx(2,38): error TS6133: 'useCallback' is declared but its value is never read.
src/components/admin/coupons/CouponForm.tsx(3,10): error TS6133: 'Coupon' is declared but its value is never read.
src/components/admin/coupons/CouponForm.tsx(522,32): error TS2339: Property 'Spinner' does not exist on type '{ Dashboard: ForwardRefExoticComponent<Omit<LucideProps, "ref"> & RefAttributes<SVGSVGElement>>; ... 96 more ...; MapPin: ForwardRefExoticComponent<...>; }'.
src/components/admin/dashboard/Dashboard.tsx(2,53): error TS6133: 'Tag' is declared but its value is never read.
src/components/admin/dashboard/OrdersBreakdown.tsx(121,15): error TS2769: No overload matches this call.
  Overload 1 of 2, '(props: Props): ReactApexChart', gave the following error.
    Type '{ chart: { type: string; toolbar: { show: boolean; }; }; labels: string[]; colors: string[]; stroke: { width: number; }; legend: { position: string; fontSize: string; }; dataLabels: { enabled: boolean; formatter: (val: number) => string; style: { ...; }; }; plotOptions: { ...; }; tooltip: { ...; }; }' is not assignable to type 'ApexOptions'.
      The types of 'chart.type' are incompatible between these types.
        Type 'string' is not assignable to type '"line" | "area" | "donut" | "bar" | "pie" | "radialBar" | "scatter" | "bubble" | "heatmap" | "candlestick" | "boxPlot" | "radar" | "polarArea" | "rangeBar" | "rangeArea" | "treemap" | undefined'.
  Overload 2 of 2, '(props: Props, context: any): ReactApexChart', gave the following error.
    Type '{ chart: { type: string; toolbar: { show: boolean; }; }; labels: string[]; colors: string[]; stroke: { width: number; }; legend: { position: string; fontSize: string; }; dataLabels: { enabled: boolean; formatter: (val: number) => string; style: { ...; }; }; plotOptions: { ...; }; tooltip: { ...; }; }' is not assignable to type 'ApexOptions'.
      The types of 'chart.type' are incompatible between these types.
        Type 'string' is not assignable to type '"line" | "area" | "donut" | "bar" | "pie" | "radialBar" | "scatter" | "bubble" | "heatmap" | "candlestick" | "boxPlot" | "radar" | "polarArea" | "rangeBar" | "rangeArea" | "treemap" | undefined'.
src/components/admin/dashboard/ProductAnalytics.tsx(178,27): error TS2322: Type 'string | null' is not assignable to type 'string | undefined'.
  Type 'null' is not assignable to type 'string | undefined'.
src/components/admin/dashboard/ProductAnalytics.tsx(247,19): error TS2769: No overload matches this call.
  Overload 1 of 2, '(props: Props): ReactApexChart', gave the following error.
    Type '{ chart: { type: string; toolbar: { show: boolean; }; fontFamily: string; height: string; }; xaxis: { categories: any; labels: { style: { fontSize: string; fontWeight: number; }; rotate: number; hideOverlappingLabels: boolean; trim: boolean; }; }; ... 5 more ...; responsive: { ...; }[]; }' is not assignable to type 'ApexOptions'.
      The types of 'chart.type' are incompatible between these types.
        Type 'string' is not assignable to type '"line" | "area" | "donut" | "bar" | "pie" | "radialBar" | "scatter" | "bubble" | "heatmap" | "candlestick" | "boxPlot" | "radar" | "polarArea" | "rangeBar" | "rangeArea" | "treemap" | undefined'.
  Overload 2 of 2, '(props: Props, context: any): ReactApexChart', gave the following error.
    Type '{ chart: { type: string; toolbar: { show: boolean; }; fontFamily: string; height: string; }; xaxis: { categories: any; labels: { style: { fontSize: string; fontWeight: number; }; rotate: number; hideOverlappingLabels: boolean; trim: boolean; }; }; ... 5 more ...; responsive: { ...; }[]; }' is not assignable to type 'ApexOptions'.
      The types of 'chart.type' are incompatible between these types.
        Type 'string' is not assignable to type '"line" | "area" | "donut" | "bar" | "pie" | "radialBar" | "scatter" | "bubble" | "heatmap" | "candlestick" | "boxPlot" | "radar" | "polarArea" | "rangeBar" | "rangeArea" | "treemap" | undefined'.
src/components/admin/dashboard/ProductAnalytics.tsx(317,25): error TS2322: Type 'string | null' is not assignable to type 'string | undefined'.
  Type 'null' is not assignable to type 'string | undefined'.
src/components/admin/dashboard/SalesCharts.tsx(234,15): error TS2769: No overload matches this call.
  Overload 1 of 2, '(props: Props): ReactApexChart', gave the following error.
    Type '{ chart: { type: string; toolbar: { show: boolean; }; fontFamily: string; }; colors: string[]; fill: { type: string; gradient: { shadeIntensity: number; opacityFrom: number; opacityTo: number; stops: number[]; }; }; ... 4 more ...; tooltip: { ...; }; }' is not assignable to type 'ApexOptions'.
      The types of 'chart.type' are incompatible between these types.
        Type 'string' is not assignable to type '"line" | "area" | "donut" | "bar" | "pie" | "radialBar" | "scatter" | "bubble" | "heatmap" | "candlestick" | "boxPlot" | "radar" | "polarArea" | "rangeBar" | "rangeArea" | "treemap" | undefined'.
  Overload 2 of 2, '(props: Props, context: any): ReactApexChart', gave the following error.
    Type '{ chart: { type: string; toolbar: { show: boolean; }; fontFamily: string; }; colors: string[]; fill: { type: string; gradient: { shadeIntensity: number; opacityFrom: number; opacityTo: number; stops: number[]; }; }; ... 4 more ...; tooltip: { ...; }; }' is not assignable to type 'ApexOptions'.
      The types of 'chart.type' are incompatible between these types.
        Type 'string' is not assignable to type '"line" | "area" | "donut" | "bar" | "pie" | "radialBar" | "scatter" | "bubble" | "heatmap" | "candlestick" | "boxPlot" | "radar" | "polarArea" | "rangeBar" | "rangeArea" | "treemap" | undefined'.
src/components/admin/dashboard/SalesCharts.tsx(254,15): error TS2769: No overload matches this call.
  Overload 1 of 2, '(props: Props): ReactApexChart', gave the following error.
    Type '{ chart: { type: string; toolbar: { show: boolean; }; }; labels: any; colors: string[]; legend: { position: string; }; plotOptions: { pie: { donut: { size: string; labels: { show: boolean; total: { show: boolean; label: string; formatter: () => any; }; }; }; }; }; }' is not assignable to type 'ApexOptions'.
      The types of 'chart.type' are incompatible between these types.
        Type 'string' is not assignable to type '"line" | "area" | "donut" | "bar" | "pie" | "radialBar" | "scatter" | "bubble" | "heatmap" | "candlestick" | "boxPlot" | "radar" | "polarArea" | "rangeBar" | "rangeArea" | "treemap" | undefined'.
  Overload 2 of 2, '(props: Props, context: any): ReactApexChart', gave the following error.
    Type '{ chart: { type: string; toolbar: { show: boolean; }; }; labels: any; colors: string[]; legend: { position: string; }; plotOptions: { pie: { donut: { size: string; labels: { show: boolean; total: { show: boolean; label: string; formatter: () => any; }; }; }; }; }; }' is not assignable to type 'ApexOptions'.
      The types of 'chart.type' are incompatible between these types.
        Type 'string' is not assignable to type '"line" | "area" | "donut" | "bar" | "pie" | "radialBar" | "scatter" | "bubble" | "heatmap" | "candlestick" | "boxPlot" | "radar" | "polarArea" | "rangeBar" | "rangeArea" | "treemap" | undefined'.
src/components/admin/dashboard/SalesCharts.tsx(275,13): error TS2769: No overload matches this call.
  Overload 1 of 2, '(props: Props): ReactApexChart', gave the following error.
    Type '{ chart: { type: string; toolbar: { show: boolean; }; }; stroke: { curve: string; width: number; }; colors: string[]; xaxis: { categories: any; type: string; }; yaxis: { title: { text: string; }; }; tooltip: { x: { format: string; }; y: { ...; }; }; }' is not assignable to type 'ApexOptions'.
      The types of 'chart.type' are incompatible between these types.
        Type 'string' is not assignable to type '"line" | "area" | "donut" | "bar" | "pie" | "radialBar" | "scatter" | "bubble" | "heatmap" | "candlestick" | "boxPlot" | "radar" | "polarArea" | "rangeBar" | "rangeArea" | "treemap" | undefined'.
  Overload 2 of 2, '(props: Props, context: any): ReactApexChart', gave the following error.
    Type '{ chart: { type: string; toolbar: { show: boolean; }; }; stroke: { curve: string; width: number; }; colors: string[]; xaxis: { categories: any; type: string; }; yaxis: { title: { text: string; }; }; tooltip: { x: { format: string; }; y: { ...; }; }; }' is not assignable to type 'ApexOptions'.
      The types of 'chart.type' are incompatible between these types.
        Type 'string' is not assignable to type '"line" | "area" | "donut" | "bar" | "pie" | "radialBar" | "scatter" | "bubble" | "heatmap" | "candlestick" | "boxPlot" | "radar" | "polarArea" | "rangeBar" | "rangeArea" | "treemap" | undefined'.
src/components/admin/dashboard/StatCard.tsx(89,9): error TS6133: 'formatValue' is declared but its value is never read.
src/components/admin/dashboard/UserInsights.tsx(26,9): error TS6133: 'unverifiedUsers' is declared but its value is never read.
src/components/admin/featured-brands/FeaturedBrandForm.tsx(18,10): error TS6133: 'originalLogoUrl' is declared but its value is never read.
src/components/admin/featured-brands/FeaturedBrandForm.tsx(160,11): error TS6133: 'result' is declared but its value is never read.
src/components/admin/featured-brands/FeaturedBrandList.tsx(17,5): error TS2322: Type '""' is not assignable to type '"active" | "inactive" | undefined'.
src/components/admin/featured-brands/FeaturedBrandList.tsx(39,9): error TS6133: 'handleSearch' is declared but its value is never read.
src/components/admin/featured-brands/FeaturedBrandList.tsx(43,9): error TS6133: 'handleStatusFilter' is declared but its value is never read.
src/components/admin/featured-brands/FeaturedBrandList.tsx(44,16): error TS2345: Argument of type '(prev: FeaturedBrandFilters) => { status: string; page: number; search?: string | undefined; hasLogo?: boolean | undefined; limit?: number | undefined; }' is not assignable to parameter of type 'SetStateAction<FeaturedBrandFilters>'.
  Type '(prev: FeaturedBrandFilters) => { status: string; page: number; search?: string | undefined; hasLogo?: boolean | undefined; limit?: number | undefined; }' is not assignable to type '(prevState: FeaturedBrandFilters) => FeaturedBrandFilters'.
    Call signature return types '{ status: string; page: number; search?: string | undefined; hasLogo?: boolean | undefined; limit?: number | undefined; }' and 'FeaturedBrandFilters' are incompatible.
      The types of 'status' are incompatible between these types.
        Type 'string' is not assignable to type '"active" | "inactive" | undefined'.
src/components/admin/featured-brands/FeaturedBrandTable.tsx(43,3): error TS6133: 'onDisplayOrderUpdate' is declared but its value is never read.
src/components/admin/hero/HeroSectionList.tsx(60,56): error TS2353: Object literal may only specify known properties, and 'isActive' does not exist in type 'Partial<HeroSectionFormData>'.
src/components/admin/hero/SlideManagement.tsx(118,54): error TS6133: 'currentStatus' is declared but its value is never read.
src/components/admin/Icon.tsx(1,1): error TS6133: 'React' is declared but its value is never read.
src/components/admin/Icon.tsx(54,3): error TS6133: 'Bold' is declared but its value is never read.
src/components/admin/Icon.tsx(55,3): error TS6133: 'Italic' is declared but its value is never read.
src/components/admin/Icon.tsx(57,3): error TS6133: 'ListOrdered' is declared but its value is never read.
src/components/admin/Icon.tsx(58,3): error TS6133: 'Quote' is declared but its value is never read.
src/components/admin/Icon.tsx(61,3): error TS6133: 'Smile' is declared but its value is never read.
src/components/admin/Icon.tsx(62,3): error TS6133: 'Send' is declared but its value is never read.
src/components/admin/Icon.tsx(63,3): error TS6133: 'ThumbsUp' is declared but its value is never read.
src/components/admin/Icon.tsx(64,3): error TS6133: 'ThumbsDown' is declared but its value is never read.
src/components/admin/Icon.tsx(65,3): error TS6133: 'Heart' is declared but its value is never read.
src/components/admin/Icon.tsx(66,3): error TS6133: 'Share' is declared but its value is never read.
src/components/admin/Icon.tsx(67,3): error TS6133: 'Bookmark' is declared but its value is never read.
src/components/admin/Icon.tsx(68,3): error TS6133: 'Flag' is declared but its value is never read.
src/components/admin/Icon.tsx(73,3): error TS6133: 'Sun' is declared but its value is never read.
src/components/admin/Icon.tsx(74,3): error TS6133: 'Moon' is declared but its value is never read.
src/components/admin/Icon.tsx(75,3): error TS6133: 'Laptop' is declared but its value is never read.
src/components/admin/Icon.tsx(76,3): error TS6133: 'Wifi' is declared but its value is never read.
src/components/admin/Icon.tsx(77,3): error TS6133: 'WifiOff' is declared but its value is never read.
src/components/admin/Icon.tsx(78,3): error TS6133: 'Battery' is declared but its value is never read.
src/components/admin/Icon.tsx(79,3): error TS6133: 'BatteryCharging' is declared but its value is never read.
src/components/admin/Icon.tsx(80,3): error TS6133: 'Volume2' is declared but its value is never read.
src/components/admin/Icon.tsx(81,3): error TS6133: 'VolumeX' is declared but its value is never read.
src/components/admin/Icon.tsx(82,3): error TS6133: 'Play' is declared but its value is never read.
src/components/admin/Icon.tsx(83,3): error TS6133: 'Pause' is declared but its value is never read.
src/components/admin/Icon.tsx(84,3): error TS6133: 'SkipBack' is declared but its value is never read.
src/components/admin/Icon.tsx(85,3): error TS6133: 'SkipForward' is declared but its value is never read.
src/components/admin/Icon.tsx(86,3): error TS6133: 'Repeat' is declared but its value is never read.
src/components/admin/Icon.tsx(87,3): error TS6133: 'Shuffle' is declared but its value is never read.
src/components/admin/Icon.tsx(88,3): error TS6133: 'Mic' is declared but its value is never read.
src/components/admin/Icon.tsx(89,3): error TS6133: 'Headphones' is declared but its value is never read.
src/components/admin/Icon.tsx(90,3): error TS6133: 'Video' is declared but its value is never read.
src/components/admin/Icon.tsx(91,3): error TS6133: 'Camera' is declared but its value is never read.
src/components/admin/Icon.tsx(92,3): error TS6133: 'MicOff' is declared but its value is never read.
src/components/admin/Icon.tsx(93,3): error TS6133: 'VideoOff' is declared but its value is never read.
src/components/admin/Icon.tsx(94,3): error TS6133: 'MessageSquare' is declared but its value is never read.
src/components/admin/Icon.tsx(95,3): error TS6133: 'PhoneCall' is declared but its value is never read.
src/components/admin/Icon.tsx(96,3): error TS6133: 'Voicemail' is declared but its value is never read.
src/components/admin/Icon.tsx(97,12): error TS6133: 'UsersIcon' is declared but its value is never read.
src/components/admin/Icon.tsx(104,3): error TS6133: 'Key' is declared but its value is never read.
src/components/admin/Icon.tsx(105,10): error TS6133: 'EyeIcon' is declared but its value is never read.
src/components/admin/Icon.tsx(106,13): error TS6133: 'EyeOffIcon' is declared but its value is never read.
src/components/admin/Icon.tsx(107,3): error TS6133: 'Fingerprint' is declared but its value is never read.
src/components/admin/Icon.tsx(108,3): error TS6133: 'Smartphone' is declared but its value is never read.
src/components/admin/Icon.tsx(109,3): error TS6133: 'Tablet' is declared but its value is never read.
src/components/admin/Icon.tsx(110,3): error TS6133: 'Monitor' is declared but its value is never read.
src/components/admin/Icon.tsx(111,3): error TS6133: 'Server' is declared but its value is never read.
src/components/admin/Icon.tsx(112,3): error TS6133: 'Cloud' is declared but its value is never read.
src/components/admin/Icon.tsx(113,3): error TS6133: 'CloudOff' is declared but its value is never read.
src/components/admin/Icon.tsx(114,3): error TS6133: 'Database' is declared but its value is never read.
src/components/admin/Icon.tsx(115,3): error TS6133: 'HardDrive' is declared but its value is never read.
src/components/admin/Icon.tsx(116,3): error TS6133: 'Cpu' is declared but its value is never read.
src/components/admin/Icon.tsx(117,3): error TS6133: 'MemoryStick' is declared but its value is never read.
src/components/admin/Icon.tsx(118,3): error TS6133: 'Router' is declared but its value is never read.
src/components/admin/Icon.tsx(120,3): error TS6133: 'Hammer' is declared but its value is never read.
src/components/admin/Icon.tsx(121,3): error TS6133: 'Ruler' is declared but its value is never read.
src/components/admin/Icon.tsx(122,3): error TS6133: 'Palette' is declared but its value is never read.
src/components/admin/Icon.tsx(123,3): error TS6133: 'Brush' is declared but its value is never read.
src/components/admin/Icon.tsx(124,3): error TS6133: 'Eraser' is declared but its value is never read.
src/components/admin/Icon.tsx(125,3): error TS6133: 'Crop' is declared but its value is never read.
src/components/admin/Icon.tsx(126,13): error TS6133: 'FilterIcon' is declared but its value is never read.
src/components/admin/Icon.tsx(127,3): error TS6133: 'Layers' is declared but its value is never read.
src/components/admin/Icon.tsx(128,11): error TS6133: 'TypeIcon' is declared but its value is never read.
src/components/admin/Icon.tsx(129,3): error TS6133: 'AlignLeft' is declared but its value is never read.
src/components/admin/Icon.tsx(130,3): error TS6133: 'AlignCenter' is declared but its value is never read.
src/components/admin/Icon.tsx(131,3): error TS6133: 'AlignRight' is declared but its value is never read.
src/components/admin/Icon.tsx(132,3): error TS6133: 'AlignJustify' is declared but its value is never read.
src/components/admin/Icon.tsx(133,11): error TS6133: 'BoldIcon' is declared but its value is never read.
src/components/admin/Icon.tsx(134,13): error TS6133: 'ItalicIcon' is declared but its value is never read.
src/components/admin/Icon.tsx(135,3): error TS6133: 'Underline' is declared but its value is never read.
src/components/admin/Icon.tsx(136,3): error TS6133: 'Strikethrough' is declared but its value is never read.
src/components/admin/Icon.tsx(137,3): error TS6133: 'Subscript' is declared but its value is never read.
src/components/admin/Icon.tsx(138,3): error TS6133: 'Superscript' is declared but its value is never read.
src/components/admin/Icon.tsx(139,3): error TS6133: 'Pilcrow' is declared but its value is never read.
src/components/admin/Icon.tsx(140,3): error TS6133: 'WrapText' is declared but its value is never read.
src/components/admin/Icon.tsx(141,3): error TS6133: 'Minus' is declared but its value is never read.
src/components/admin/Icon.tsx(142,3): error TS6133: 'Divide' is declared but its value is never read.
src/components/admin/Icon.tsx(143,3): error TS6133: 'Square' is declared but its value is never read.
src/components/admin/Icon.tsx(144,3): error TS6133: 'Circle' is declared but its value is never read.
src/components/admin/Icon.tsx(145,3): error TS6133: 'Triangle' is declared but its value is never read.
src/components/admin/Icon.tsx(146,3): error TS6133: 'Hexagon' is declared but its value is never read.
src/components/admin/Icon.tsx(147,3): error TS6133: 'Octagon' is declared but its value is never read.
src/components/admin/Icon.tsx(148,11): error TS6133: 'StarIcon' is declared but its value is never read.
src/components/admin/Icon.tsx(149,12): error TS6133: 'HeartIcon' is declared but its value is never read.
src/components/admin/Icon.tsx(150,15): error TS6133: 'ThumbsUpIcon' is declared but its value is never read.
src/components/admin/Icon.tsx(151,17): error TS6133: 'ThumbsDownIcon' is declared but its value is never read.
src/components/admin/Icon.tsx(164,15): error TS6133: 'SettingsIcon' is declared but its value is never read.
src/components/admin/Icon.tsx(166,3): error TS6133: 'ZapOff' is declared but its value is never read.
src/components/admin/Icon.tsx(167,3): error TS6133: 'Power' is declared but its value is never read.
src/components/admin/Icon.tsx(168,3): error TS6133: 'RotateCw' is declared but its value is never read.
src/components/admin/Icon.tsx(169,16): error TS6133: 'RefreshCwIcon' is declared but its value is never read.
src/components/admin/Icon.tsx(170,12): error TS6133: 'ClockIcon' is declared but its value is never read.
src/components/admin/Icon.tsx(171,15): error TS6133: 'CalendarIcon' is declared but its value is never read.
src/components/admin/Icon.tsx(172,3): error TS6133: 'Watch' is declared but its value is never read.
src/components/admin/Icon.tsx(173,3): error TS6133: 'Timer' is declared but its value is never read.
src/components/admin/Icon.tsx(174,3): error TS6133: 'Hourglass' is declared but its value is never read.
src/components/admin/Icon.tsx(175,11): error TS6133: 'BellIcon' is declared but its value is never read.
src/components/admin/Icon.tsx(176,3): error TS6133: 'BellOff' is declared but its value is never read.
src/components/admin/Icon.tsx(177,3): error TS6133: 'Megaphone' is declared but its value is never read.
src/components/admin/Icon.tsx(178,3): error TS6133: 'Speaker' is declared but its value is never read.
src/components/admin/Icon.tsx(179,3): error TS6133: 'Airplay' is declared but its value is never read.
src/components/admin/Icon.tsx(180,3): error TS6133: 'Cast' is declared but its value is never read.
src/components/admin/Icon.tsx(181,3): error TS6133: 'Bluetooth' is declared but its value is never read.
src/components/admin/Icon.tsx(182,11): error TS6133: 'WifiIcon' is declared but its value is never read.
src/components/admin/Icon.tsx(183,3): error TS6133: 'Signal' is declared but its value is never read.
src/components/admin/Icon.tsx(184,3): error TS6133: 'SignalLow' is declared but its value is never read.
src/components/admin/Icon.tsx(185,3): error TS6133: 'SignalMedium' is declared but its value is never read.
src/components/admin/Icon.tsx(186,3): error TS6133: 'SignalHigh' is declared but its value is never read.
src/components/admin/Icon.tsx(187,14): error TS6133: 'BatteryIcon' is declared but its value is never read.
src/components/admin/Icon.tsx(188,3): error TS6133: 'BatteryLow' is declared but its value is never read.
src/components/admin/Icon.tsx(189,3): error TS6133: 'BatteryMedium' is declared but its value is never read.
src/components/admin/Icon.tsx(190,3): error TS6133: 'BatteryFull' is declared but its value is never read.
src/components/admin/Icon.tsx(191,3): error TS6133: 'BatteryWarning' is declared but its value is never read.
src/components/admin/Icon.tsx(192,3): error TS6133: 'Plug' is declared but its value is never read.
src/components/admin/Icon.tsx(193,3): error TS6133: 'Unplug' is declared but its value is never read.
src/components/admin/Icon.tsx(194,3): error TS6133: 'Flashlight' is declared but its value is never read.
src/components/admin/Icon.tsx(195,3): error TS6133: 'FlashlightOff' is declared but its value is never read.
src/components/admin/Icon.tsx(196,3): error TS6133: 'Printer' is declared but its value is never read.
src/components/admin/Icon.tsx(197,3): error TS6133: 'Webcam' is declared but its value is never read.
src/components/admin/Icon.tsx(198,3): error TS6133: 'Mouse' is declared but its value is never read.
src/components/admin/Icon.tsx(199,3): error TS6133: 'Keyboard' is declared but its value is never read.
src/components/admin/Icon.tsx(200,3): error TS6133: 'Gamepad' is declared but its value is never read.
src/components/admin/Icon.tsx(201,3): error TS6133: 'Joystick' is declared but its value is never read.
src/components/admin/Icon.tsx(202,3): error TS6133: 'Tv' is declared but its value is never read.
src/components/admin/Icon.tsx(203,12): error TS6133: 'RadioIcon' is declared but its value is never read.
src/components/admin/Icon.tsx(204,10): error TS6133: 'MicIcon' is declared but its value is never read.
src/components/admin/Icon.tsx(205,17): error TS6133: 'HeadphonesIcon' is declared but its value is never read.
src/components/admin/Icon.tsx(206,13): error TS6133: 'VolumeIcon' is declared but its value is never read.
src/components/admin/Icon.tsx(207,11): error TS6133: 'PlayIcon' is declared but its value is never read.
src/components/admin/Icon.tsx(208,12): error TS6133: 'PauseIcon' is declared but its value is never read.
src/components/admin/Icon.tsx(209,3): error TS6133: 'Rewind' is declared but its value is never read.
src/components/admin/Icon.tsx(210,3): error TS6133: 'FastForward' is declared but its value is never read.
src/components/admin/Icon.tsx(211,15): error TS6133: 'SkipBackIcon' is declared but its value is never read.
src/components/admin/Icon.tsx(212,18): error TS6133: 'SkipForwardIcon' is declared but its value is never read.
src/components/admin/Icon.tsx(213,13): error TS6133: 'RepeatIcon' is declared but its value is never read.
src/components/admin/Icon.tsx(214,14): error TS6133: 'ShuffleIcon' is declared but its value is never read.
src/components/admin/Icon.tsx(215,3): error TS6133: 'Music' is declared but its value is never read.
src/components/admin/Icon.tsx(216,12): error TS6133: 'VideoIcon' is declared but its value is never read.
src/components/admin/Icon.tsx(217,3): error TS6133: 'Film' is declared but its value is never read.
src/components/admin/Icon.tsx(218,13): error TS6133: 'CameraIcon' is declared but its value is never read.
src/components/admin/Icon.tsx(219,12): error TS6133: 'ImageIcon' is declared but its value is never read.
src/components/admin/Icon.tsx(220,14): error TS6133: 'PaletteIcon' is declared but its value is never read.
src/components/admin/Icon.tsx(221,3): error TS6133: 'Contrast' is declared but its value is never read.
src/components/admin/Icon.tsx(222,3): error TS6133: 'Droplets' is declared but its value is never read.
src/components/admin/Icon.tsx(223,3): error TS6133: 'Sunset' is declared but its value is never read.
src/components/admin/Icon.tsx(224,10): error TS6133: 'SunIcon' is declared but its value is never read.
src/components/admin/Icon.tsx(225,11): error TS6133: 'MoonIcon' is declared but its value is never read.
src/components/admin/Icon.tsx(226,12): error TS6133: 'CloudIcon' is declared but its value is never read.
src/components/admin/Icon.tsx(227,3): error TS6133: 'CloudRain' is declared but its value is never read.
src/components/admin/Icon.tsx(228,3): error TS6133: 'CloudSnow' is declared but its value is never read.
src/components/admin/Icon.tsx(229,3): error TS6133: 'CloudDrizzle' is declared but its value is never read.
src/components/admin/Icon.tsx(230,3): error TS6133: 'CloudLightning' is declared but its value is never read.
src/components/admin/Icon.tsx(231,3): error TS6133: 'CloudFog' is declared but its value is never read.
src/components/admin/Icon.tsx(232,3): error TS6133: 'Wind' is declared but its value is never read.
src/components/admin/Icon.tsx(233,3): error TS6133: 'Tornado' is declared but its value is never read.
src/components/admin/Icon.tsx(234,3): error TS6133: 'Thermometer' is declared but its value is never read.
src/components/admin/Icon.tsx(235,3): error TS6133: 'Umbrella' is declared but its value is never read.
src/components/admin/Icon.tsx(236,3): error TS6133: 'Snowflake' is declared but its value is never read.
src/components/admin/Icon.tsx(238,3): error TS6133: 'Mountain' is declared but its value is never read.
src/components/admin/Icon.tsx(239,3): error TS6133: 'Navigation' is declared but its value is never read.
src/components/admin/Icon.tsx(240,3): error TS6133: 'Map' is declared but its value is never read.
src/components/admin/Icon.tsx(241,3): error TS6133: 'Compass' is declared but its value is never read.
src/components/admin/Icon.tsx(242,12): error TS6133: 'GlobeIcon' is declared but its value is never read.
src/components/admin/Icon.tsx(243,3): error TS6133: 'Anchor' is declared but its value is never read.
src/components/admin/Icon.tsx(244,3): error TS6133: 'Ship' is declared but its value is never read.
src/components/admin/Icon.tsx(245,3): error TS6133: 'Rocket' is declared but its value is never read.
src/components/admin/Icon.tsx(246,3): error TS6133: 'Plane' is declared but its value is never read.
src/components/admin/Icon.tsx(247,3): error TS6133: 'Car' is declared but its value is never read.
src/components/admin/Icon.tsx(248,3): error TS6133: 'Bike' is declared but its value is never read.
src/components/admin/Icon.tsx(249,3): error TS6133: 'Bus' is declared but its value is never read.
src/components/admin/Icon.tsx(250,3): error TS6133: 'Train' is declared but its value is never read.
src/components/admin/Icon.tsx(251,12): error TS6133: 'TruckIcon' is declared but its value is never read.
src/components/admin/Icon.tsx(252,3): error TS6133: 'Factory' is declared but its value is never read.
src/components/admin/Icon.tsx(253,3): error TS6133: 'Store' is declared but its value is never read.
src/components/admin/Icon.tsx(254,3): error TS6133: 'Building' is declared but its value is never read.
src/components/admin/Icon.tsx(255,11): error TS6133: 'HomeIcon' is declared but its value is never read.
src/components/admin/Icon.tsx(256,3): error TS6133: 'Hotel' is declared but its value is never read.
src/components/admin/Icon.tsx(257,3): error TS6133: 'School' is declared but its value is never read.
src/components/admin/Icon.tsx(258,3): error TS6133: 'Church' is declared but its value is never read.
src/components/admin/Icon.tsx(259,3): error TS6133: 'Hospital' is declared but its value is never read.
src/components/admin/Icon.tsx(260,3): error TS6133: 'Briefcase' is declared but its value is never read.
src/components/admin/Icon.tsx(261,17): error TS6133: 'CreditCardIcon' is declared but its value is never read.
src/components/admin/Icon.tsx(262,17): error TS6133: 'DollarSignIcon' is declared but its value is never read.
src/components/admin/Icon.tsx(263,3): error TS6133: 'Euro' is declared but its value is never read.
src/components/admin/Icon.tsx(264,3): error TS6133: 'Bitcoin' is declared but its value is never read.
src/components/admin/Icon.tsx(265,3): error TS6133: 'Coins' is declared but its value is never read.
src/components/admin/Icon.tsx(266,3): error TS6133: 'Gem' is declared but its value is never read.
src/components/admin/Icon.tsx(267,3): error TS6133: 'Crown' is declared but its value is never read.
src/components/admin/Icon.tsx(268,3): error TS6133: 'Trophy' is declared but its value is never read.
src/components/admin/Icon.tsx(269,3): error TS6133: 'Medal' is declared but its value is never read.
src/components/admin/Icon.tsx(270,3): error TS6133: 'Target' is declared but its value is never read.
src/components/admin/Icon.tsx(271,11): error TS6133: 'FlagIcon' is declared but its value is never read.
src/components/admin/Icon.tsx(272,13): error TS6133: 'ShieldIcon' is declared but its value is never read.
src/components/admin/Icon.tsx(273,3): error TS6133: 'Sword' is declared but its value is never read.
src/components/admin/Icon.tsx(274,3): error TS6133: 'Skull' is declared but its value is never read.
src/components/admin/Icon.tsx(275,3): error TS6133: 'Ghost' is declared but its value is never read.
src/components/admin/Icon.tsx(276,3): error TS6133: 'Puzzle' is declared but its value is never read.
src/components/admin/Icon.tsx(277,3): error TS6133: 'Pyramid' is declared but its value is never read.
src/components/admin/Icon.tsx(278,3): error TS6133: 'Cylinder' is declared but its value is never read.
src/components/admin/Icon.tsx(279,3): error TS6133: 'Cone' is declared but its value is never read.
src/components/admin/Icon.tsx(280,3): error TS6133: 'Box' is declared but its value is never read.
src/components/admin/Icon.tsx(284,17): error TS6133: 'NavigationIcon' is declared but its value is never read.
src/components/admin/Icon.tsx(290,15): error TS6133: 'RotateCwIcon' is declared but its value is never read.
src/components/admin/Icon.tsx(291,3): error TS6133: 'RotateCcw' is declared but its value is never read.
src/components/admin/Icon.tsx(292,3): error TS6133: 'ZoomIn' is declared but its value is never read.
src/components/admin/Icon.tsx(293,3): error TS6133: 'ZoomOut' is declared but its value is never read.
src/components/admin/Icon.tsx(294,3): error TS6133: 'Minimize' is declared but its value is never read.
src/components/admin/Icon.tsx(295,3): error TS6133: 'Maximize' is declared but its value is never read.
src/components/admin/Icon.tsx(296,12): error TS6133: 'MinusIcon' is declared but its value is never read.
src/components/admin/Icon.tsx(297,11): error TS6133: 'PlusIcon' is declared but its value is never read.
src/components/admin/Icon.tsx(298,8): error TS6133: 'XIcon' is declared but its value is never read.
src/components/admin/Icon.tsx(299,13): error TS6133: 'DivideIcon' is declared but its value is never read.
src/components/admin/Icon.tsx(300,3): error TS6133: 'Equal' is declared but its value is never read.
src/components/admin/Icon.tsx(301,14): error TS6133: 'PercentIcon' is declared but its value is never read.
src/components/admin/Icon.tsx(302,11): error TS6133: 'HashIcon' is declared but its value is never read.
src/components/admin/Icon.tsx(303,3): error TS6133: 'Infinity' is declared but its value is never read.
src/components/admin/Icon.tsx(304,3): error TS6133: 'Parentheses' is declared but its value is never read.
src/components/admin/Icon.tsx(305,3): error TS6133: 'Brackets' is declared but its value is never read.
src/components/admin/Icon.tsx(306,3): error TS6133: 'Braces' is declared but its value is never read.
src/components/admin/Icon.tsx(307,3): error TS6133: 'Sigma' is declared but its value is never read.
src/components/admin/Icon.tsx(308,3): error TS6133: 'Pi' is declared but its value is never read.
src/components/admin/Icon.tsx(309,3): error TS6133: 'Omega' is declared but its value is never read.
src/components/admin/Icon.tsx(310,12): error TS6133: 'OmegaIcon' is declared but its value is never read.
src/components/admin/invoice/CategoryProductSelector.tsx(3,26): error TS7016: Could not find a declaration file for module 'lodash'. 'D:/Subash/project/lokestore/frontend/node_modules/lodash/lodash.js' implicitly has an 'any' type.
  Try `npm i --save-dev @types/lodash` if it exists or add a new declaration (.d.ts) file containing `declare module 'lodash';`
src/components/admin/invoice/CategoryProductSelector.tsx(228,37): error TS2339: Property 'main' does not exist on type '{ thumbnail?: { url: string; altText: string; } | undefined; }'.
src/components/admin/invoice/CustomProductForm.tsx(3,16): error TS6133: 'X' is declared but its value is never read.
src/components/admin/invoice/InvoiceDetails.tsx(118,18): error TS2345: Argument of type '(prev: Invoice | null) => { status: string; _id: string; invoiceNumber: string; customer: CustomerDetails; products: InvoiceProduct[]; preBuiltPCs: InvoicePreBuiltPC[]; ... 10 more ...; updatedAt: string; } | null' is not assignable to parameter of type 'SetStateAction<Invoice | null>'.
  Type '(prev: Invoice | null) => { status: string; _id: string; invoiceNumber: string; customer: CustomerDetails; products: InvoiceProduct[]; preBuiltPCs: InvoicePreBuiltPC[]; ... 10 more ...; updatedAt: string; } | null' is not assignable to type '(prevState: Invoice | null) => Invoice | null'.
    Type '{ status: string; _id: string; invoiceNumber: string; customer: CustomerDetails; products: InvoiceProduct[]; preBuiltPCs: InvoicePreBuiltPC[]; ... 10 more ...; updatedAt: string; } | null' is not assignable to type 'Invoice | null'.
      Type '{ status: string; _id: string; invoiceNumber: string; customer: CustomerDetails; products: InvoiceProduct[]; preBuiltPCs: InvoicePreBuiltPC[]; customProducts: InvoiceCustomProduct[]; ... 9 more ...; updatedAt: string; }' is not assignable to type 'Invoice'.
        Types of property 'status' are incompatible.
          Type 'string' is not assignable to type '"cancelled" | "draft" | "paid" | "sent" | "overdue"'.
src/components/admin/invoice/InvoiceGenerator.tsx(1,27): error TS6133: 'useEffect' is declared but its value is never read.
src/components/admin/invoice/InvoiceGenerator.tsx(33,25): error TS6133: 'setPaymentStatus' is declared but its value is never read.
src/components/admin/invoice/InvoiceGenerator.tsx(34,25): error TS6133: 'setPaymentMethod' is declared but its value is never read.
src/components/admin/invoice/InvoiceGenerator.tsx(381,57): error TS2345: Argument of type '{ customer: { name: string; mobile: string; email: string; address: string; companyName: string; gstin: string; }; invoiceDate: string; dueDate: string; products: { total: number; gstAmount: number; productId: string; ... 6 more ...; variant?: any; }[]; ... 5 more ...; status: string; }' is not assignable to parameter of type 'CreateInvoiceData'.
  The types of 'payment.status' are incompatible between these types.
    Type 'string' is not assignable to type '"pending" | "cancelled" | "refunded" | "paid"'.
src/components/admin/invoice/InvoiceGenerator.tsx(459,17): error TS2322: Type '{ products: InvoiceProduct[]; customProducts: InvoiceCustomProduct[]; preBuiltPCs: InvoicePreBuiltPC[]; onAddProduct: (product: InvoiceProduct) => void; ... 9 more ...; onNext: () => void; }' is not assignable to type 'IntrinsicAttributes & CategoryProductSelectorProps'.
  Property 'preBuiltPCs' does not exist on type 'IntrinsicAttributes & CategoryProductSelectorProps'.
src/components/admin/invoice/InvoicePreview.tsx(2,27): error TS6133: 'useEffect' is declared but its value is never read.
src/components/admin/invoice/InvoicePreview.tsx(10,20): error TS6133: 'Download' is declared but its value is never read.
src/components/admin/invoice/InvoicePreview.tsx(10,30): error TS6133: 'Send' is declared but its value is never read.
src/components/admin/invoice/InvoicePreview.tsx(10,42): error TS6133: 'Printer' is declared but its value is never read.
src/components/admin/invoice/InvoicePreview.tsx(10,51): error TS6133: 'Mail' is declared but its value is never read.
src/components/admin/navbar/NavbarSettings.tsx(21,3): error TS6133: 'CheckCircle' is declared but its value is never read.
src/components/admin/navbar/NavbarSettings.tsx(22,3): error TS6133: 'XCircle' is declared but its value is never read.
src/components/admin/navbar/NavbarSettings.tsx(79,15): error TS2345: Argument of type 'NavbarSetting' is not assignable to parameter of type 'NavbarSettingFormData | { siteName?: string | undefined; fontFamily?: string | undefined; primaryColor?: string | undefined; secondaryColor?: string | undefined; tagline?: string | undefined; logo?: File | undefined; } | ResetAction<...> | undefined'.
  Type 'NavbarSetting' is not assignable to type '{ siteName?: string | undefined; fontFamily?: string | undefined; primaryColor?: string | undefined; secondaryColor?: string | undefined; tagline?: string | undefined; logo?: File | undefined; }'.
    Types of property 'logo' are incompatible.
      Type 'Logo' is missing the following properties from type 'File': lastModified, name, webkitRelativePath, size, and 6 more.
src/components/admin/navbar/NavbarSettings.tsx(160,15): error TS2345: Argument of type 'NavbarSetting' is not assignable to parameter of type 'NavbarSettingFormData | { siteName?: string | undefined; fontFamily?: string | undefined; primaryColor?: string | undefined; secondaryColor?: string | undefined; tagline?: string | undefined; logo?: File | undefined; } | ResetAction<...> | undefined'.
  Type 'NavbarSetting' is not assignable to type '{ siteName?: string | undefined; fontFamily?: string | undefined; primaryColor?: string | undefined; secondaryColor?: string | undefined; tagline?: string | undefined; logo?: File | undefined; }'.
    Types of property 'logo' are incompatible.
      Type 'Logo' is missing the following properties from type 'File': lastModified, name, webkitRelativePath, size, and 6 more.
src/components/admin/navbar/NavbarSettings.tsx(204,17): error TS2345: Argument of type 'NavbarSetting' is not assignable to parameter of type 'NavbarSettingFormData | { siteName?: string | undefined; fontFamily?: string | undefined; primaryColor?: string | undefined; secondaryColor?: string | undefined; tagline?: string | undefined; logo?: File | undefined; } | ResetAction<...> | undefined'.
  Type 'NavbarSetting' is not assignable to type '{ siteName?: string | undefined; fontFamily?: string | undefined; primaryColor?: string | undefined; secondaryColor?: string | undefined; tagline?: string | undefined; logo?: File | undefined; }'.
    Types of property 'logo' are incompatible.
      Type 'Logo' is missing the following properties from type 'File': lastModified, name, webkitRelativePath, size, and 6 more.
src/components/admin/order/AdminNotes.tsx(55,15): error TS2339: Property 'createdAt' does not exist on type 'AdminNote'.
src/components/admin/order/AdminNotes.tsx(59,32): error TS2339: Property 'createdAt' does not exist on type 'AdminNote'.
src/components/admin/order/AdminNotes.tsx(60,16): error TS2339: Property 'createdAt' does not exist on type 'AdminNote'.
src/components/admin/order/AdminNotes.tsx(61,16): error TS2339: Property 'createdAt' does not exist on type 'AdminNote'.
src/components/admin/order/InvoiceManagement.tsx(154,9): error TS6133: 'adminInvoice' is declared but its value is never read.
src/components/admin/order/OrderItems.tsx(26,32): error TS2339: Property 'category' does not exist on type '{ _id: string; name: string; images?: string[] | undefined; slug?: string | undefined; }'.
src/components/admin/order/OrderList.tsx(86,15): error TS2345: Argument of type '(prev: Order[]) => { status: string; _id: string; orderNumber: string; user: { _id: string; firstName: string; lastName: string; email: string; phone?: string | undefined; }; source: "mobile" | "unknown" | "web"; ... 20 more ...; updatedAt: Date; }[]' is not assignable to parameter of type 'SetStateAction<Order[]>'.
  Type '(prev: Order[]) => { status: string; _id: string; orderNumber: string; user: { _id: string; firstName: string; lastName: string; email: string; phone?: string | undefined; }; source: "mobile" | "unknown" | "web"; ... 20 more ...; updatedAt: Date; }[]' is not assignable to type '(prevState: Order[]) => Order[]'.
    Type '{ status: string; _id: string; orderNumber: string; user: { _id: string; firstName: string; lastName: string; email: string; phone?: string | undefined; }; source: "mobile" | "unknown" | "web"; ... 20 more ...; updatedAt: Date; }[]' is not assignable to type 'Order[]'.
      Type '{ status: string; _id: string; orderNumber: string; user: { _id: string; firstName: string; lastName: string; email: string; phone?: string; }; ... 21 more ...; updatedAt: Date; }' is not assignable to type 'Order'.
        Types of property 'status' are incompatible.
          Type 'string' is not assignable to type '"pending" | "confirmed" | "processing" | "shipped" | "delivered" | "cancelled" | "refunded"'.
src/components/admin/order/OrderList.tsx(110,36): error TS2322: Type '{ filters: OrderFilters; }' is not assignable to type 'IntrinsicAttributes'.
  Property 'filters' does not exist on type 'IntrinsicAttributes'.
src/components/admin/order/OrderSummary.tsx(48,67): error TS2345: Argument of type 'Date' is not assignable to parameter of type 'string'.
src/components/admin/order/OrderTable.tsx(131,31): error TS2345: Argument of type 'Date' is not assignable to parameter of type 'string'.
src/components/admin/order/OrderTimeline.tsx(73,63): error TS2339: Property 'timestamp' does not exist on type 'TimelineEvent'.
src/components/admin/pc-builder/PCQuoteDetail.tsx(8,3): error TS6133: 'IndianRupee' is declared but its value is never read.
src/components/admin/pc-builder/PCQuoteDetail.tsx(19,3): error TS6133: 'Download' is declared but its value is never read.
src/components/admin/pc-builder/PCQuoteDetail.tsx(20,3): error TS6133: 'User' is declared but its value is never read.
src/components/admin/pc-builder/PCQuoteDetail.tsx(21,3): error TS6133: 'Trash2' is declared but its value is never read.
src/components/admin/pc-builder/PCQuotesList.tsx(6,3): error TS6133: 'ChevronRight' is declared but its value is never read.
src/components/admin/pc-builder/PCQuotesList.tsx(12,3): error TS6133: 'User' is declared but its value is never read.
src/components/admin/pc-builder/PCQuotesList.tsx(14,3): error TS6133: 'Calendar' is declared but its value is never read.
src/components/admin/pc-builder/PCQuotesList.tsx(17,3): error TS6133: 'MoreVertical' is declared but its value is never read.
src/components/admin/pc-builder/PCQuotesList.tsx(21,3): error TS6133: 'Download' is declared but its value is never read.
src/components/admin/pc-builder/PCQuotesList.tsx(22,3): error TS6133: 'ExternalLink' is declared but its value is never read.
src/components/admin/pc-builder/PCQuotesList.tsx(146,15): error TS2339: Property 'isExpired' does not exist on type 'PCQuoteDocument'.
src/components/admin/pc-builder/PCQuotesList.tsx(146,53): error TS2339: Property 'isExpired' does not exist on type 'PCQuoteDocument'.
src/components/admin/pc-builder/PCQuotesList.tsx(147,27): error TS2339: Property 'quoteExpiry' does not exist on type 'PCQuoteDocument'.
src/components/admin/pc-builder/PCQuotesList.tsx(394,45): error TS2339: Property 'quoteExpiry' does not exist on type 'PCQuoteDocument'.
src/components/admin/pc-builder/PCQuotesList.tsx(397,34): error TS2339: Property 'daysUntilExpiry' does not exist on type 'PCQuoteDocument'.
src/components/admin/pc-builder/PCQuotesList.tsx(398,40): error TS2339: Property 'daysUntilExpiry' does not exist on type 'PCQuoteDocument'.
src/components/admin/pc-builder/PCQuotesList.tsx(399,57): error TS2339: Property 'quoteExpiry' does not exist on type 'PCQuoteDocument'.
src/components/admin/pc-builder/PCRequirementDetail.tsx(20,3): error TS6133: 'Package' is declared but its value is never read.
src/components/admin/pc-builder/PCRequirementDetail.tsx(23,3): error TS6133: 'Download' is declared but its value is never read.
src/components/admin/pc-builder/PCRequirementsList.tsx(6,3): error TS6133: 'ChevronRight' is declared but its value is never read.
src/components/admin/pc-builder/PCRequirementsList.tsx(12,3): error TS6133: 'User' is declared but its value is never read.
src/components/admin/pc-builder/PCRequirementsList.tsx(16,3): error TS6133: 'Calendar' is declared but its value is never read.
src/components/admin/pc-builder/PCRequirementsList.tsx(18,3): error TS6133: 'MoreVertical' is declared but its value is never read.
src/components/admin/pc-builder/PCRequirementsList.tsx(20,3): error TS6133: 'Edit' is declared but its value is never read.
src/components/admin/pc-builder/PCRequirementsList.tsx(23,3): error TS6133: 'Download' is declared but its value is never read.
src/components/admin/pc-builder/PCRequirementsList.tsx(30,1): error TS6133: 'StatusBadge' is declared but its value is never read.
src/components/admin/pc-invoice/PDFGenerator.tsx(17,3): error TS6133: 'subtotal' is declared but its value is never read.
src/components/admin/pc-invoice/utils.ts(6,46): error TS18048: 'product.quantity' is possibly 'undefined'.
src/components/admin/pc-invoice/utils.ts(7,7): error TS18048: 'product.quantity' is possibly 'undefined'.
src/components/admin/prebuilt-pcs/PreBuiltPCBenchmarks.tsx(31,9): error TS6133: 'navigate' is declared but its value is never read.
src/components/admin/prebuilt-pcs/PreBuiltPCBenchmarks.tsx(641,40): error TS6133: 'color' is declared but its value is never read.
src/components/admin/prebuilt-pcs/PreBuiltPCForm.tsx(13,34): error TS6133: 'Component' is declared but its value is never read.
src/components/admin/prebuilt-pcs/PreBuiltPCForm.tsx(28,9): error TS6133: 'baseURL_Image' is declared but its value is never read.
src/components/admin/prebuilt-pcs/PreBuiltPCForm.tsx(109,7): error TS2353: Object literal may only specify known properties, and 'totalPrice' does not exist in type 'SetStateAction<PreBuiltPCFormData>'.
src/components/admin/prebuilt-pcs/PreBuiltPCForm.tsx(221,18): error TS2339: Property 'totalPrice' does not exist on type 'PreBuiltPCFormData'.
src/components/admin/prebuilt-pcs/PreBuiltPCForm.tsx(239,11): error TS6133: 'removedImage' is declared but its value is never read.
src/components/admin/prebuilt-pcs/PreBuiltPCForm.tsx(306,28): error TS6133: 'index' is declared but its value is never read.
src/components/admin/prebuilt-pcs/PreBuiltPCList.tsx(14,3): error TS6133: 'AlertCircle' is declared but its value is never read.
src/components/admin/prebuilt-pcs/PreBuiltPCList.tsx(15,3): error TS6133: 'ArrowLeft' is declared but its value is never read.
src/components/admin/prebuilt-pcs/PreBuiltPCList.tsx(19,1): error TS6133: 'SearchFilter' is declared but its value is never read.
src/components/admin/prebuilt-pcs/PreBuiltPCList.tsx(19,26): error TS2307: Cannot find module './SearchFilter' or its corresponding type declarations.
src/components/admin/prebuilt-pcs/PreBuiltPCList.tsx(294,11): error TS6133: 'originalPCs' is declared but its value is never read.
src/components/admin/prebuilt-pcs/PreBuiltPCList.tsx(317,20): error TS2304: Cannot find name 'originalPCs'.
src/components/admin/products/LinkedProductsSection.tsx(4,17): error TS7016: Could not find a declaration file for module '../../config/axiosConfig'. 'D:/Subash/project/lokestore/frontend/src/components/config/axiosConfig.js' implicitly has an 'any' type.
src/components/admin/products/LinkedProductsSection.tsx(277,25): error TS2367: This comparison appears to be unintentional because the types '"Draft" | "Published" | "Archived" | "OutOfStock" | "Discontinued"' and '"published"' have no overlap.
src/components/admin/products/LinkedProductsSection.tsx(279,29): error TS2367: This comparison appears to be unintentional because the types '"Draft" | "Published" | "Archived" | "OutOfStock" | "Discontinued"' and '"draft"' have no overlap.
src/components/admin/products/LinkedProductsSection.tsx(421,27): error TS2367: This comparison appears to be unintentional because the types '"Draft" | "Published" | "Archived" | "OutOfStock" | "Discontinued"' and '"published"' have no overlap.
src/components/admin/products/LinkedProductsSection.tsx(423,31): error TS2367: This comparison appears to be unintentional because the types '"Draft" | "Published" | "Archived" | "OutOfStock" | "Discontinued"' and '"draft"' have no overlap.
src/components/admin/products/ProductFilters.tsx(3,17): error TS7016: Could not find a declaration file for module '../../config/axiosConfig'. 'D:/Subash/project/lokestore/frontend/src/components/config/axiosConfig.js' implicitly has an 'any' type.
src/components/admin/products/ProductForm.tsx(13,17): error TS7016: Could not find a declaration file for module '../../config/axiosConfig'. 'D:/Subash/project/lokestore/frontend/src/components/config/axiosConfig.js' implicitly has an 'any' type.
src/components/admin/products/ProductForm.tsx(15,66): error TS2307: Cannot find module '../../utils/priceUtils' or its corresponding type declarations.
src/components/admin/products/ProductForm.tsx(49,5): error TS2353: Object literal may only specify known properties, and 'attributes' does not exist in type 'VariantConfiguration'.
src/components/admin/products/ProductForm.tsx(273,9): error TS6133: 'cleanedVariants' is declared but its value is never read.
src/components/admin/products/ProductForm.tsx(457,22): error TS2790: The operand of a 'delete' operator must be optional.
src/components/admin/products/ProductForm.tsx(467,31): error TS2551: Property '_file' does not exist on type '{ url: string; altText: string; sectionTitle?: string | undefined; file?: File | undefined; _fileUpload?: File | undefined; }'. Did you mean 'file'?
src/components/admin/products/ProductGrid.tsx(33,10): error TS6133: 'deletingProducts' is declared but its value is never read.
src/components/admin/products/ProductGrid.tsx(52,43): error TS18046: 'error' is of type 'unknown'.
src/components/admin/products/ProductGrid.tsx(61,9): error TS6133: 'handleDelete' is declared but its value is never read.
src/components/admin/products/ProductGrid.tsx(216,7): error TS6133: 'getStockColor' is declared but its value is never read.
src/components/admin/products/ProductGrid.tsx(391,10): error TS18048: 'product.calculatedDiscount' is possibly 'undefined'.
src/components/admin/products/Products.tsx(11,17): error TS7016: Could not find a declaration file for module '../../config/axiosConfig'. 'D:/Subash/project/lokestore/frontend/src/components/config/axiosConfig.js' implicitly has an 'any' type.
src/components/admin/products/Products.tsx(56,30): error TS2339: Property 'message' does not exist on type 'ProductsResponse'.
src/components/admin/products/Products.tsx(201,9): error TS2322: Type 'Product | undefined' is not assignable to type '(Partial<ProductFormData> & { _id?: string | undefined; }) | undefined'.
  Type 'Product' is not assignable to type 'Partial<ProductFormData> & { _id?: string | undefined; }'.
    Type 'Product' is not assignable to type 'Partial<ProductFormData>'.
      Types of property 'brand' are incompatible.
        Type 'string | Brand' is not assignable to type 'string | undefined'.
          Type 'Brand' is not assignable to type 'string'.
src/components/admin/products/sections/BasicInfoSection.tsx(42,62): error TS2339: Property 'name' does not exist on type 'never'.
src/components/admin/products/sections/BasicInfoSection.tsx(43,29): error TS2339: Property 'name' does not exist on type 'never'.
src/components/admin/products/sections/BasicInfoSection.tsx(47,70): error TS2339: Property 'id' does not exist on type 'Brand'.
src/components/admin/products/sections/BasicInfoSection.tsx(56,63): error TS2339: Property '_id' does not exist on type 'never'.
src/components/admin/products/sections/BasicInfoSection.tsx(56,85): error TS2339: Property 'id' does not exist on type 'never'.
src/components/admin/products/sections/BasicInfoSection.tsx(57,29): error TS2339: Property '_id' does not exist on type 'never'.
src/components/admin/products/sections/BasicInfoSection.tsx(57,51): error TS2339: Property 'id' does not exist on type 'never'.
src/components/admin/products/sections/BasicInfoSection.tsx(72,47): error TS2339: Property '_id' does not exist on type 'never'.
src/components/admin/products/sections/BasicInfoSection.tsx(72,60): error TS2339: Property 'id' does not exist on type 'never'.
src/components/admin/products/sections/BasicInfoSection.tsx(73,67): error TS2339: Property '_id' does not exist on type 'never'.
src/components/admin/products/sections/BasicInfoSection.tsx(73,76): error TS2339: Property 'id' does not exist on type 'Category'.
src/components/admin/products/sections/BasicInfoSection.tsx(73,89): error TS2339: Property 'id' does not exist on type 'never'.
src/components/admin/products/sections/BasicInfoSection.tsx(78,70): error TS2339: Property 'id' does not exist on type 'Category'.
src/components/admin/products/sections/BasicInfoSection.tsx(89,47): error TS2339: Property '_id' does not exist on type 'never'.
src/components/admin/products/sections/BasicInfoSection.tsx(89,60): error TS2339: Property 'id' does not exist on type 'never'.
src/components/admin/products/sections/BasicInfoSection.tsx(90,22): error TS2339: Property '_id' does not exist on type 'never'.
src/components/admin/products/sections/BasicInfoSection.tsx(90,35): error TS2339: Property 'id' does not exist on type 'never'.
src/components/admin/products/sections/DimensionsWeightSection.tsx(88,11): error TS6133: 'weightInKg' is declared but its value is never read.
src/components/admin/products/sections/DimensionsWeightSection.tsx(127,11): error TS2322: Type 'string' is not assignable to type '"in" | "cm" | "m"'.
src/components/admin/products/sections/DimensionsWeightSection.tsx(131,11): error TS2322: Type 'string' is not assignable to type '"g" | "kg" | "lb" | "oz"'.
src/components/admin/products/sections/ImagesSection.tsx(187,25): error TS2345: Argument of type '"thumbnail" | "hoverImage" | "gallery" | "manufacturer"' is not assignable to parameter of type 'SetStateAction<"thumbnail" | "gallery" | "manufacturer" | null>'.
  Type '"hoverImage"' is not assignable to type 'SetStateAction<"thumbnail" | "gallery" | "manufacturer" | null>'.
src/components/admin/products/sections/PricingInventorySection.tsx(322,26): error TS6133: 'e' is declared but its value is never read.
src/components/admin/products/sections/Products.tsx(4,17): error TS7016: Could not find a declaration file for module '../../../config/axiosConfig'. 'D:/Subash/project/lokestore/frontend/src/components/config/axiosConfig.js' implicitly has an 'any' type.
src/components/admin/products/sections/Products.tsx(13,13): error TS6133: 'response' is declared but its value is never read.
src/components/admin/products/sections/Products.tsx(27,9): error TS2322: Type '(formData: ProductFormData) => Promise<void>' is not assignable to type '(data: FormData) => Promise<any>'.
  Types of parameters 'formData' and 'data' are incompatible.
    Type 'FormData' is missing the following properties from type 'ProductFormData': name, brand, categories, tags, and 25 more.
src/components/admin/products/sections/SeoSection.tsx(107,11): error TS6133: 'maxScore' is declared but its value is never read.
src/components/admin/products/sections/SpecificationsSection.tsx(2,42): error TS6133: 'ProductVariant' is declared but its value is never read.
src/components/admin/products/sections/VariantConfiguration.tsx(18,10): error TS6133: 'newAttribute' is declared but its value is never read.
src/components/admin/products/sections/VariantConfiguration.tsx(18,24): error TS6133: 'setNewAttribute' is declared but its value is never read.
src/components/admin/products/sections/VariantGenerator.tsx(89,48): error TS7006: Parameter 'attr' implicitly has an 'any' type.
src/components/admin/products/sections/VariantList.tsx(15,3): error TS6133: 'isEditMode' is declared but its value is never read.
src/components/admin/reviews/ReviewList.tsx(11,7): error TS6133: 'getAvatarUrl' is declared but its value is never read.
src/components/admin/reviews/ReviewList.tsx(23,7): error TS6133: 'getSafeUser' is declared but its value is never read.
src/components/admin/reviews/ReviewList.tsx(83,55): error TS6133: 'review' is declared but its value is never read.
src/components/admin/reviews/ReviewList.tsx(140,11): error TS2322: Type '{ title: string; description: string; icon: Element; }' is not assignable to type 'IntrinsicAttributes & EmptyStateProps'.
  Property 'icon' does not exist on type 'IntrinsicAttributes & EmptyStateProps'.
src/components/admin/reviews/ReviewTable.tsx(80,23): error TS2322: Type 'string | null' is not assignable to type 'string | undefined'.
  Type 'null' is not assignable to type 'string | undefined'.
src/components/admin/sections/SectionDetail.tsx(2,38): error TS6133: 'useRef' is declared but its value is never read.
src/components/admin/sections/SectionDetail.tsx(4,33): error TS2305: Module '"../types/section"' has no exported member 'Video'.
src/components/admin/sections/SectionDetail.tsx(308,25): error TS2322: Type '"large"' is not assignable to type '"sm" | "md" | "lg" | "xl" | undefined'.
src/components/admin/sections/SectionDetail.tsx(488,23): error TS2322: Type '{ src: any; thumbnail: string; autoplay: false; muted: true; controls: true; className: string; showCustomControls: boolean; }' is not assignable to type 'IntrinsicAttributes & VideoPlayerProps'.
  Property 'showCustomControls' does not exist on type 'IntrinsicAttributes & VideoPlayerProps'.
src/components/admin/sections/SectionForm.tsx(4,10): error TS6133: 'Section' is declared but its value is never read.
src/components/admin/sections/SectionForm.tsx(75,9): error TS6133: 'handleNumberChange' is declared but its value is never read.
src/components/admin/sections/SectionForm.tsx(147,25): error TS2322: Type '"large"' is not assignable to type '"sm" | "md" | "lg" | "xl" | undefined'.
src/components/admin/sections/SectionList.tsx(2,38): error TS6133: 'useRef' is declared but its value is never read.
src/components/admin/sections/SectionList.tsx(345,27): error TS2322: Type '"large"' is not assignable to type '"sm" | "md" | "lg" | "xl" | undefined'.
src/components/admin/services/ageRangeService.ts(1,17): error TS7016: Could not find a declaration file for module '../../config/axiosConfig'. 'D:/Subash/project/lokestore/frontend/src/components/config/axiosConfig.js' implicitly has an 'any' type.
src/components/admin/services/ageRangeService.ts(2,10): error TS6133: 'AgeRange' is declared but its value is never read.
src/components/admin/services/ageRangeService.ts(2,55): error TS6133: 'AgeRangeResponse' is declared but its value is never read.
src/components/admin/services/ageRangeService.ts(2,73): error TS6133: 'ProductSelection' is declared but its value is never read.
src/components/admin/services/blogService.ts(1,17): error TS7016: Could not find a declaration file for module '../../config/axiosConfig'. 'D:/Subash/project/lokestore/frontend/src/components/config/axiosConfig.js' implicitly has an 'any' type.
src/components/admin/services/blogService.ts(208,16): error TS2551: Property 'meta_tags' does not exist on type 'Partial<BlogFormData>'. Did you mean 'Meta-tags'?
src/components/admin/services/blogService.ts(208,73): error TS2551: Property 'meta_tags' does not exist on type 'Partial<BlogFormData>'. Did you mean 'Meta-tags'?
src/components/admin/services/blogService.ts(209,16): error TS2551: Property 'title' does not exist on type 'Partial<BlogFormData>'. Did you mean 'Title'?
src/components/admin/services/blogService.ts(209,62): error TS2551: Property 'title' does not exist on type 'Partial<BlogFormData>'. Did you mean 'Title'?
src/components/admin/services/blogService.ts(210,16): error TS2551: Property 'html' does not exist on type 'Partial<BlogFormData>'. Did you mean 'Html'?
src/components/admin/services/blogService.ts(210,60): error TS2551: Property 'html' does not exist on type 'Partial<BlogFormData>'. Did you mean 'Html'?
src/components/admin/services/blogService.ts(211,16): error TS2551: Property 'slug' does not exist on type 'Partial<BlogFormData>'. Did you mean 'Slug'?
src/components/admin/services/blogService.ts(211,60): error TS2551: Property 'slug' does not exist on type 'Partial<BlogFormData>'. Did you mean 'Slug'?
src/components/admin/services/blogService.ts(212,16): error TS2551: Property 'category' does not exist on type 'Partial<BlogFormData>'. Did you mean 'Category'?
src/components/admin/services/blogService.ts(212,68): error TS2551: Property 'category' does not exist on type 'Partial<BlogFormData>'. Did you mean 'Category'?
src/components/admin/services/blogService.ts(213,16): error TS2551: Property 'tags' does not exist on type 'Partial<BlogFormData>'. Did you mean 'Tags'?
src/components/admin/services/blogService.ts(213,60): error TS2551: Property 'tags' does not exist on type 'Partial<BlogFormData>'. Did you mean 'Tags'?
src/components/admin/services/blogService.ts(214,16): error TS2551: Property 'status' does not exist on type 'Partial<BlogFormData>'. Did you mean 'Status'?
src/components/admin/services/blogService.ts(215,35): error TS2551: Property 'status' does not exist on type 'Partial<BlogFormData>'. Did you mean 'Status'?
src/components/admin/services/blogService.ts(215,73): error TS2551: Property 'status' does not exist on type 'Partial<BlogFormData>'. Did you mean 'Status'?
src/components/admin/services/brandService.ts(1,17): error TS7016: Could not find a declaration file for module '../../config/axiosConfig'. 'D:/Subash/project/lokestore/frontend/src/components/config/axiosConfig.js' implicitly has an 'any' type.
src/components/admin/services/brandService.ts(2,10): error TS6133: 'Brand' is declared but its value is never read.
src/components/admin/services/brandService.ts(2,17): error TS6133: 'BrandFormData' is declared but its value is never read.
src/components/admin/services/categoryAPI.ts(1,17): error TS7016: Could not find a declaration file for module '../../config/axiosConfig'. 'D:/Subash/project/lokestore/frontend/src/components/config/axiosConfig.js' implicitly has an 'any' type.
src/components/admin/services/categoryAPI.ts(2,10): error TS6133: 'Category' is declared but its value is never read.
src/components/admin/services/couponService.ts(1,17): error TS7016: Could not find a declaration file for module '../../config/axiosConfig'. 'D:/Subash/project/lokestore/frontend/src/components/config/axiosConfig.js' implicitly has an 'any' type.
src/components/admin/services/couponService.ts(2,10): error TS6133: 'Coupon' is declared but its value is never read.
src/components/admin/services/couponService.ts(2,74): error TS6133: 'CouponValidationResponse' is declared but its value is never read.
src/components/admin/services/dashboardService.ts(1,17): error TS7016: Could not find a declaration file for module '../../config/axiosConfig'. 'D:/Subash/project/lokestore/frontend/src/components/config/axiosConfig.js' implicitly has an 'any' type.
src/components/admin/services/dashboardService.ts(3,3): error TS2305: Module '"../types/dashboard"' has no exported member 'OrderStats'.
src/components/admin/services/dashboardService.ts(10,3): error TS6133: 'AlertItem' is declared but its value is never read.
src/components/admin/services/featuredBrandService.ts(2,17): error TS7016: Could not find a declaration file for module '../../config/axiosConfig'. 'D:/Subash/project/lokestore/frontend/src/components/config/axiosConfig.js' implicitly has an 'any' type.
src/components/admin/services/featuredBrandService.ts(4,3): error TS6133: 'FeaturedBrand' is declared but its value is never read.
src/components/admin/services/featuredBrandService.ts(5,3): error TS6133: 'FeaturedBrandFormData' is declared but its value is never read.
src/components/admin/services/featuredBrandService.ts(8,3): error TS6133: 'FeaturedBrandResponse' is declared but its value is never read.
src/components/admin/services/featuredBrandService.ts(50,26): error TS7006: Parameter 'brands' implicitly has an 'any' type.
src/components/admin/services/heroSectionService.ts(1,17): error TS7016: Could not find a declaration file for module '../../config/axiosConfig'. 'D:/Subash/project/lokestore/frontend/src/components/config/axiosConfig.js' implicitly has an 'any' type.
src/components/admin/services/invoiceService.ts(3,17): error TS7016: Could not find a declaration file for module '../../config/axiosConfig'. 'D:/Subash/project/lokestore/frontend/src/components/config/axiosConfig.js' implicitly has an 'any' type.
src/components/admin/services/invoiceService.ts(5,3): error TS6133: 'Invoice' is declared but its value is never read.
src/components/admin/services/invoiceService.ts(8,3): error TS6133: 'InvoiceStats' is declared but its value is never read.
src/components/admin/services/invoiceService.ts(9,3): error TS6133: 'ProductSearchResult' is declared but its value is never read.
src/components/admin/services/invoiceService.ts(10,3): error TS6133: 'Category' is declared but its value is never read.
src/components/admin/services/navbarSettingService.ts(1,17): error TS7016: Could not find a declaration file for module '../../config/axiosConfig'. 'D:/Subash/project/lokestore/frontend/src/components/config/axiosConfig.js' implicitly has an 'any' type.
src/components/admin/services/orderService.ts(3,17): error TS7016: Could not find a declaration file for module '../../config/axiosConfig'. 'D:/Subash/project/lokestore/frontend/src/components/config/axiosConfig.js' implicitly has an 'any' type.
src/components/admin/services/orderService.ts(5,3): error TS6133: 'Order' is declared but its value is never read.
src/components/admin/services/orderService.ts(7,3): error TS6133: 'OrderAnalytics' is declared but its value is never read.
src/components/admin/services/orderService.ts(11,3): error TS6133: 'InvoiceResponse' is declared but its value is never read.
src/components/admin/services/orderService.ts(12,3): error TS6133: 'InvoiceUploadData' is declared but its value is never read.
src/components/admin/services/pcBuilderAdminService.ts(1,17): error TS7016: Could not find a declaration file for module '../../config/axiosConfig'. 'D:/Subash/project/lokestore/frontend/src/components/config/axiosConfig.js' implicitly has an 'any' type.
src/components/admin/services/pcBuilderAdminService.ts(3,3): error TS6133: 'PCRequirementDocument' is declared but its value is never read.
src/components/admin/services/pcBuilderAdminService.ts(4,3): error TS6133: 'PCQuoteDocument' is declared but its value is never read.
src/components/admin/services/pcBuilderAdminService.ts(7,3): error TS6133: 'PCRequirementStats' is declared but its value is never read.
src/components/admin/services/pcBuilderAdminService.ts(8,3): error TS6133: 'PCQuoteStats' is declared but its value is never read.
src/components/admin/services/preBuildShowcaseService.ts(1,17): error TS7016: Could not find a declaration file for module '../../config/axiosConfig'. 'D:/Subash/project/lokestore/frontend/src/components/config/axiosConfig.js' implicitly has an 'any' type.
src/components/admin/services/preBuildShowcaseService.ts(2,1): error TS6133: 'PreBuildShowcaseItem' is declared but its value is never read.
src/components/admin/services/preBuiltPCService.ts(2,17): error TS7016: Could not find a declaration file for module '../../config/axiosConfig'. 'D:/Subash/project/lokestore/frontend/src/components/config/axiosConfig.js' implicitly has an 'any' type.
src/components/admin/services/productService.ts(2,17): error TS7016: Could not find a declaration file for module '../../config/axiosConfig'. 'D:/Subash/project/lokestore/frontend/src/components/config/axiosConfig.js' implicitly has an 'any' type.
src/components/admin/services/productService.ts(3,1): error TS6133: 'Product' is declared but its value is never read.
src/components/admin/services/reviewService.ts(1,17): error TS7016: Could not find a declaration file for module '../../config/axiosConfig'. 'D:/Subash/project/lokestore/frontend/src/components/config/axiosConfig.js' implicitly has an 'any' type.
src/components/admin/services/reviewService.ts(2,1): error TS6192: All imports in import declaration are unused.
src/components/admin/services/reviewService.ts(2,39): error TS2307: Cannot find module './types/review' or its corresponding type declarations.
src/components/admin/services/sectionService.ts(2,17): error TS7016: Could not find a declaration file for module '../../config/axiosConfig'. 'D:/Subash/project/lokestore/frontend/src/components/config/axiosConfig.js' implicitly has an 'any' type.
src/components/admin/services/sectionService.ts(3,10): error TS6133: 'Section' is declared but its value is never read.
src/components/admin/services/sectionService.ts(3,36): error TS6133: 'SectionReorderData' is declared but its value is never read.
src/components/admin/services/sectionService.ts(45,11): error TS7006: Parameter 'res' implicitly has an 'any' type.
src/components/admin/services/showcaseSectionService.ts(2,17): error TS7016: Could not find a declaration file for module '../../config/axiosConfig'. 'D:/Subash/project/lokestore/frontend/src/components/config/axiosConfig.js' implicitly has an 'any' type.
src/components/admin/services/showcaseSectionService.ts(3,10): error TS6133: 'ShowcaseSection' is declared but its value is never read.
src/components/admin/services/userService.ts(1,17): error TS7016: Could not find a declaration file for module '../../config/axiosConfig'. 'D:/Subash/project/lokestore/frontend/src/components/config/axiosConfig.js' implicitly has an 'any' type.
src/components/admin/services/userService.ts(3,3): error TS6133: 'User' is declared but its value is never read.
src/components/admin/services/userService.ts(5,3): error TS6133: 'UserFormData' is declared but its value is never read.
src/components/admin/services/videoService.ts(2,17): error TS7016: Could not find a declaration file for module '../../config/axiosConfig'. 'D:/Subash/project/lokestore/frontend/src/components/config/axiosConfig.js' implicitly has an 'any' type.
src/components/admin/services/videoService.ts(3,10): error TS6133: 'Video' is declared but its value is never read.
src/components/admin/services/videoService.ts(4,1): error TS6133: 'Section' is declared but its value is never read.
src/components/admin/services/videoService.ts(93,26): error TS7006: Parameter 'progressEvent' implicitly has an 'any' type.
src/components/admin/services/videoService.ts(113,26): error TS7006: Parameter 'progressEvent' implicitly has an 'any' type.
src/components/admin/services/ytVideoService.ts(1,17): error TS7016: Could not find a declaration file for module '../../config/axiosConfig'. 'D:/Subash/project/lokestore/frontend/src/components/config/axiosConfig.js' implicitly has an 'any' type.
src/components/admin/services/ytVideoService.ts(2,10): error TS6133: 'YTVideoItem' is declared but its value is never read.
src/components/admin/showcase/ProductSelectionModal.tsx(7,3): error TS6133: 'Plus' is declared but its value is never read.
src/components/admin/showcase/ProductSelectionModal.tsx(12,3): error TS6133: 'ChevronDown' is declared but its value is never read.
src/components/admin/showcase/ProductSelectionModal.tsx(15,3): error TS6133: 'Tag' is declared but its value is never read.
src/components/admin/showcase/ProductSelectionModal.tsx(19,17): error TS7016: Could not find a declaration file for module '../../config/axiosConfig'. 'D:/Subash/project/lokestore/frontend/src/components/config/axiosConfig.js' implicitly has an 'any' type.
src/components/admin/showcase/ProductSelectionModal.tsx(45,3): error TS6133: 'existingProducts' is declared but its value is never read.
src/components/admin/showcase/ProductSelectionModal.tsx(53,5): error TS2345: Argument of type 'Set<string | undefined>' is not assignable to parameter of type 'Set<string> | (() => Set<string>)'.
  Type 'Set<string | undefined>' is not assignable to type 'Set<string>'.
    Type 'string | undefined' is not assignable to type 'string'.
      Type 'undefined' is not assignable to type 'string'.
src/components/admin/showcase/ProductSelectionModal.tsx(105,11): error TS18048: 'product.averageRating' is possibly 'undefined'.
src/components/admin/showcase/ProductSelectionModal.tsx(137,28): error TS2345: Argument of type 'string | undefined' is not assignable to parameter of type 'string'.
  Type 'undefined' is not assignable to type 'string'.
src/components/admin/showcase/ProductSelectionModal.tsx(138,29): error TS2345: Argument of type 'string | undefined' is not assignable to parameter of type 'string'.
  Type 'undefined' is not assignable to type 'string'.
src/components/admin/showcase/ProductSelectionModal.tsx(140,26): error TS2345: Argument of type 'string | undefined' is not assignable to parameter of type 'string'.
  Type 'undefined' is not assignable to type 'string'.
src/components/admin/showcase/ProductSelectionModal.tsx(148,26): error TS2345: Argument of type 'string | undefined' is not assignable to parameter of type 'string'.
  Type 'undefined' is not assignable to type 'string'.
src/components/admin/showcase/ProductSelectionModal.tsx(159,23): error TS2345: Argument of type 'string | undefined' is not assignable to parameter of type 'string'.
  Type 'undefined' is not assignable to type 'string'.
src/components/admin/showcase/ProductSelectionModal.tsx(472,41): error TS2345: Argument of type 'string | undefined' is not assignable to parameter of type 'string'.
  Type 'undefined' is not assignable to type 'string'.
src/components/admin/showcase/ProductSelectionModal.tsx(496,46): error TS2345: Argument of type 'string | undefined' is not assignable to parameter of type 'string'.
  Type 'undefined' is not assignable to type 'string'.
src/components/admin/showcase/ProductSelectionModal.tsx(535,26): error TS18048: 'product.averageRating' is possibly 'undefined'.
src/components/admin/showcase/ProductSelectionModal.tsx(538,47): error TS2345: Argument of type 'number | undefined' is not assignable to parameter of type 'number'.
  Type 'undefined' is not assignable to type 'number'.
src/components/admin/showcase/ProductSelectionModal.tsx(567,41): error TS2345: Argument of type 'string | undefined' is not assignable to parameter of type 'string'.
  Type 'undefined' is not assignable to type 'string'.
src/components/admin/showcase/ProductSelectionModal.tsx(575,42): error TS2345: Argument of type 'string | undefined' is not assignable to parameter of type 'string'.
  Type 'undefined' is not assignable to type 'string'.
src/components/admin/showcase/ProductSelectionModal.tsx(630,28): error TS18048: 'product.averageRating' is possibly 'undefined'.
src/components/admin/showcase/ProductSelectionModal.tsx(633,49): error TS2345: Argument of type 'number | undefined' is not assignable to parameter of type 'number'.
  Type 'undefined' is not assignable to type 'number'.
src/components/admin/showcase/ShowcaseSectionForm.tsx(3,57): error TS6133: 'Check' is declared but its value is never read.
src/components/admin/showcase/ShowcaseSectionForm.tsx(79,17): error TS2345: Argument of type '(prev: ShowcaseSectionFormData) => { products: (string | undefined)[]; title: string; subtitle?: string | undefined; type: "grid" | "carousel"; displayOrder: number; ... 5 more ...; visibility: VisibilityConfig; }' is not assignable to parameter of type 'SetStateAction<ShowcaseSectionFormData>'.
  Type '(prev: ShowcaseSectionFormData) => { products: (string | undefined)[]; title: string; subtitle?: string | undefined; type: "grid" | "carousel"; displayOrder: number; ... 5 more ...; visibility: VisibilityConfig; }' is not assignable to type '(prevState: ShowcaseSectionFormData) => ShowcaseSectionFormData'.
    Call signature return types '{ products: (string | undefined)[]; title: string; subtitle?: string | undefined; type: "grid" | "carousel"; displayOrder: number; isActive: boolean; showViewAll: boolean; viewAllLink?: string | undefined; timerConfig: TimerConfig; styleConfig: StyleConfig; visibility: VisibilityConfig; }' and 'ShowcaseSectionFormData' are incompatible.
      The types of 'products' are incompatible between these types.
        Type '(string | undefined)[]' is not assignable to type 'string[]'.
          Type 'string | undefined' is not assignable to type 'string'.
            Type 'undefined' is not assignable to type 'string'.
src/components/admin/showcase/ShowcaseSectionForm.tsx(88,17): error TS2345: Argument of type '(prev: ShowcaseSectionFormData) => { products: (string | undefined)[]; title: string; subtitle?: string | undefined; type: "grid" | "carousel"; displayOrder: number; ... 5 more ...; visibility: VisibilityConfig; }' is not assignable to parameter of type 'SetStateAction<ShowcaseSectionFormData>'.
  Type '(prev: ShowcaseSectionFormData) => { products: (string | undefined)[]; title: string; subtitle?: string | undefined; type: "grid" | "carousel"; displayOrder: number; ... 5 more ...; visibility: VisibilityConfig; }' is not assignable to type '(prevState: ShowcaseSectionFormData) => ShowcaseSectionFormData'.
    Call signature return types '{ products: (string | undefined)[]; title: string; subtitle?: string | undefined; type: "grid" | "carousel"; displayOrder: number; isActive: boolean; showViewAll: boolean; viewAllLink?: string | undefined; timerConfig: TimerConfig; styleConfig: StyleConfig; visibility: VisibilityConfig; }' and 'ShowcaseSectionFormData' are incompatible.
      The types of 'products' are incompatible between these types.
        Type '(string | undefined)[]' is not assignable to type 'string[]'.
          Type 'string | undefined' is not assignable to type 'string'.
            Type 'undefined' is not assignable to type 'string'.
src/components/admin/showcase/ShowcaseSectionForm.tsx(253,50): error TS2345: Argument of type 'string | undefined' is not assignable to parameter of type 'string'.
  Type 'undefined' is not assignable to type 'string'.
src/components/admin/showcase/ShowcaseSectionList.tsx(79,23): error TS2322: Type '{ status: "active" | "inactive"; text: string; }' is not assignable to type 'IntrinsicAttributes & StatusBadgeProps'.
  Property 'text' does not exist on type 'IntrinsicAttributes & StatusBadgeProps'.
src/components/admin/showcase/ShowcaseSectionList.tsx(83,23): error TS2322: Type '{ status: any; text: string; }' is not assignable to type 'IntrinsicAttributes & StatusBadgeProps'.
  Property 'text' does not exist on type 'IntrinsicAttributes & StatusBadgeProps'.
src/components/admin/showcase/ShowcaseSectionList.tsx(206,27): error TS2322: Type '{ status: "active" | "inactive"; text: string; small: true; }' is not assignable to type 'IntrinsicAttributes & StatusBadgeProps'.
  Property 'text' does not exist on type 'IntrinsicAttributes & StatusBadgeProps'.
src/components/admin/showcase/ShowcaseSectionManagement.tsx(8,1): error TS6133: 'LoadingSpinner' is declared but its value is never read.
src/components/admin/showcase/ShowcaseSectionManagement.tsx(8,28): error TS2307: Cannot find module '../../common/LoadingSpinner' or its corresponding type declarations.
src/components/admin/showcase/ShowcaseSectionManagement.tsx(9,1): error TS6133: 'EmptyState' is declared but its value is never read.
src/components/admin/showcase/ShowcaseSectionManagement.tsx(9,24): error TS2307: Cannot find module '../../common/EmptyState' or its corresponding type declarations.
src/components/admin/types/section.ts(12,10): error TS2304: Cannot find name 'Video'.
src/components/admin/types/showcaseSection.ts(28,13): error TS2304: Cannot find name 'Product'.
src/components/admin/user/UserDetailPage.tsx(27,3): error TS6133: 'ArrowRight' is declared but its value is never read.
src/components/admin/user/UserDetailPage.tsx(284,14): error TS18048: 'order.pricing.discount' is possibly 'undefined'.
src/components/admin/user/UserDetailPage.tsx(286,25): error TS18048: 'order.pricing' is possibly 'undefined'.
src/components/admin/user/UserList.tsx(29,38): error TS2339: Property '_id' does not exist on type 'never'.
src/components/admin/user/UserList.tsx(78,9): error TS6133: 'handleEdit' is declared but its value is never read.
src/components/admin/user/UserList.tsx(78,23): error TS6133: 'user' is declared but its value is never read.
src/components/admin/user/UserList.tsx(137,11): error TS2322: Type '{ title: string; description: string; icon: Element; }' is not assignable to type 'IntrinsicAttributes & EmptyStateProps'.
  Property 'icon' does not exist on type 'IntrinsicAttributes & EmptyStateProps'.
src/components/admin/user/UserList.tsx(155,15): error TS2322: Type '{ currentPage: number; totalItems: number; itemsPerPage: number; onPageChange: (page: number) => void; }' is not assignable to type 'IntrinsicAttributes & PaginationProps'.
  Property 'itemsPerPage' does not exist on type 'IntrinsicAttributes & PaginationProps'.
src/components/admin/user/UserTable.tsx(34,3): error TS6133: 'onEdit' is declared but its value is never read.
src/components/admin/user/UserTable.tsx(78,30): error TS2339: Property 'firstName' does not exist on type 'User'.
src/components/admin/videos/VideoCard.tsx(69,16): error TS2339: Property 'durationFormatted' does not exist on type 'Video'.
src/components/admin/videos/VideoCard.tsx(71,20): error TS2339: Property 'durationFormatted' does not exist on type 'Video'.
src/components/admin/videos/VideoDetail.tsx(115,25): error TS2322: Type '"large"' is not assignable to type '"sm" | "md" | "lg" | "xl" | undefined'.
src/components/admin/videos/VideoDetail.tsx(283,70): error TS2339: Property 'durationFormatted' does not exist on type 'Video'.
src/components/admin/videos/VideoList.tsx(171,27): error TS2322: Type '"large"' is not assignable to type '"sm" | "md" | "lg" | "xl" | undefined'.
src/components/admin/videos/VideoPlayer.tsx(23,3): error TS6133: 'controls' is declared but its value is never read.
src/components/admin/videos/VideoSelectionModal.tsx(170,33): error TS2322: Type '"large"' is not assignable to type '"sm" | "md" | "lg" | "xl" | undefined'.
src/components/admin/videos/VideoUpload.tsx(24,10): error TS6133: 'dragActive' is declared but its value is never read.
src/components/admin/videos/VideoUpload.tsx(24,22): error TS6133: 'setDragActive' is declared but its value is never read.
src/components/admin/videos/VideoUpload.tsx(201,26): error TS6133: 'index' is declared but its value is never read.
src/components/admin/ytvideos/YTVideoForm.tsx(3,33): error TS1149: File name 'D:/Subash/project/lokestore/frontend/src/components/admin/typeS/ytVideo.ts' differs from already included file name 'D:/Subash/project/lokestore/frontend/src/components/admin/types/ytVideo.ts' only in casing.
  The file is in the program because:
    Imported via '../types/ytVideo' from file 'D:/Subash/project/lokestore/frontend/src/components/admin/services/ytVideoService.ts'
    Imported via "../admin/types/ytVideo" from file 'D:/Subash/project/lokestore/frontend/src/components/home/YTVideoSlider.tsx'
    Imported via '../typeS/ytVideo' from file 'D:/Subash/project/lokestore/frontend/src/components/admin/ytvideos/YTVideoForm.tsx'
    Imported via '../types/ytVideo' from file 'D:/Subash/project/lokestore/frontend/src/components/admin/ytvideos/YTVideoList.tsx'
    Imported via '../types/ytVideo' from file 'D:/Subash/project/lokestore/frontend/src/components/admin/ytvideos/YTVideoTable.tsx'
    Matched by include pattern 'src' in 'D:/Subash/project/lokestore/frontend/tsconfig.json'
src/components/admin/ytvideos/YTVideoList.tsx(4,32): error TS1149: File name 'D:/Subash/project/lokestore/frontend/src/components/admin/services/ytvideoService.ts' differs from already included file name 'D:/Subash/project/lokestore/frontend/src/components/admin/services/ytVideoService.ts' only in casing.
  The file is in the program because:
    Imported via "../admin/services/ytVideoService" from file 'D:/Subash/project/lokestore/frontend/src/components/home/YTVideoSlider.tsx'
    Imported via '../services/ytVideoService' from file 'D:/Subash/project/lokestore/frontend/src/components/admin/ytvideos/YTVideoForm.tsx'
    Imported via '../services/ytvideoService' from file 'D:/Subash/project/lokestore/frontend/src/components/admin/ytvideos/YTVideoList.tsx'
    Matched by include pattern 'src' in 'D:/Subash/project/lokestore/frontend/tsconfig.json'
src/components/auth/ForgotPassword.tsx(2,27): error TS6133: 'useEffect' is declared but its value is never read.
src/components/auth/ForgotPassword.tsx(67,11): error TS6133: 'handleGoogleSignInRedirect' is declared but its value is never read.
src/components/auth/Login.tsx(30,12): error TS6133: 'googleLoading' is declared but its value is never read.
src/components/auth/Login.tsx(118,11): error TS6133: 'handlePopupGoogleLogin' is declared but its value is never read.
src/components/auth/Login.tsx(174,19): error TS6133: 'userInfo' is declared but its value is never read.
src/components/auth/ResetPassword.tsx(38,23): error TS6133: 'response' is declared but its value is never read.
src/components/AuthInitializer.tsx(23,14): error TS2554: Expected 1 arguments, but got 0.
src/components/cart/Cart.tsx(38,9): error TS6133: 'cartSummary' is declared but its value is never read.
src/components/cart/Cart.tsx(127,31): error TS2339: Property 'preBuiltPC' does not exist on type 'CartItem'.
src/components/cart/Cart.tsx(148,9): error TS6133: 'handleRefreshCart' is declared but its value is never read.
src/components/cart/Cart.tsx(350,76): error TS2339: Property 'preBuiltPC' does not exist on type 'CartItem'.
src/components/cart/Cart.tsx(351,222): error TS2339: Property 'preBuiltPC' does not exist on type 'CartItem'.
src/components/cart/Cart.tsx(356,67): error TS2339: Property 'preBuiltPC' does not exist on type 'CartItem'.
src/components/checkout/AddressSelection.tsx(4,52): error TS6133: 'Check' is declared but its value is never read.
src/components/checkout/Checkout.tsx(38,3): error TS6133: 'setBillingAddress' is declared but its value is never read.
src/components/checkout/Checkout.tsx(51,3): error TS6133: 'AlertCircle' is declared but its value is never read.
src/components/checkout/Checkout.tsx(54,3): error TS6133: 'Plus' is declared but its value is never read.
src/components/checkout/Checkout.tsx(67,9): error TS6133: 'error' is declared but its value is never read.
src/components/checkout/Checkout.tsx(70,9): error TS6133: 'billingAddressId' is declared but its value is never read.
src/components/checkout/Checkout.tsx(92,10): error TS6133: 'paymentError' is declared but its value is never read.
src/components/checkout/Checkout.tsx(93,32): error TS6133: 'setShowSuccessAnimation' is declared but its value is never read.
src/components/checkout/Checkout.tsx(95,10): error TS6133: 'mounted' is declared but its value is never read.
src/components/checkout/Checkout.tsx(193,67): error TS2339: Property 'id' does not exist on type 'CheckoutAddress'.
src/components/checkout/Checkout.tsx(194,66): error TS2339: Property 'id' does not exist on type 'CheckoutAddress'.
src/components/checkout/Checkout.tsx(455,11): error TS2322: Type '"gradient"' is not assignable to type '"white" | "primary" | "slate" | "muted" | undefined'.
src/components/checkout/Checkout.tsx(768,9): error TS2322: Type 'string | null' is not assignable to type 'string'.
  Type 'null' is not assignable to type 'string'.
src/components/checkout/CouponForm.tsx(4,18): error TS6133: 'Check' is declared but its value is never read.
src/components/checkout/OrderConfirmation.tsx(6,17): error TS7016: Could not find a declaration file for module '../config/axiosConfig'. 'D:/Subash/project/lokestore/frontend/src/components/config/axiosConfig.js' implicitly has an 'any' type.
src/components/checkout/OrderSummary.tsx(1,17): error TS6133: 'useEffect' is declared but its value is never read.
src/components/checkout/OrderSummary.tsx(11,3): error TS6133: 'AlertCircle' is declared but its value is never read.
src/components/checkout/OrderSummary.tsx(12,3): error TS6133: 'IndianRupee' is declared but its value is never read.
src/components/checkout/OrderSummary.tsx(41,3): error TS6133: 'currency' is declared but its value is never read.
src/components/checkout/PaymentMethod.tsx(3,17): error TS7016: Could not find a declaration file for module '../config/axiosConfig'. 'D:/Subash/project/lokestore/frontend/src/components/config/axiosConfig.js' implicitly has an 'any' type.
src/components/checkout/PaymentMethod.tsx(11,3): error TS6133: 'IndianRupee' is declared but its value is never read.
src/components/checkout/PaymentMethod.tsx(12,3): error TS6133: 'Loader2' is declared but its value is never read.
src/components/checkout/PaymentMethod.tsx(47,3): error TS6133: 'currency' is declared but its value is never read.
src/components/checkout/PaymentMethod.tsx(174,39): error TS2339: Property 'error' does not exist on type 'RazorpayError'.
src/components/checkout/PaymentMethod.tsx(251,9): error TS6133: 'formatCurrency' is declared but its value is never read.
src/components/Footer.tsx(1,87): error TS6133: 'Twitter' is declared but its value is never read.
src/components/Footer.tsx(39,9): error TS6133: 'companyInfo' is declared but its value is never read.
src/components/home/CallButton.tsx(1,1): error TS6133: 'React' is declared but its value is never read.
src/components/home/CallButton.tsx(4,29): error TS7031: Binding element 'onOpenChat' implicitly has an 'any' type.
src/components/home/CategoryBannerSection.tsx(154,20): error TS2322: Type '{ children: string; jsx: true; }' is not assignable to type 'DetailedHTMLProps<StyleHTMLAttributes<HTMLStyleElement>, HTMLStyleElement>'.
  Property 'jsx' does not exist on type 'DetailedHTMLProps<StyleHTMLAttributes<HTMLStyleElement>, HTMLStyleElement>'.
src/components/home/ChatBot.tsx(1,8): error TS6133: 'React' is declared but its value is never read.
src/components/home/ChatBot.tsx(4,20): error TS7031: Binding element 'open' implicitly has an 'any' type.
src/components/home/ChatBot.tsx(4,26): error TS7031: Binding element 'onClose' implicitly has an 'any' type.
src/components/home/ChatBot.tsx(14,29): error TS2339: Property 'scrollIntoView' does not exist on type 'never'.
src/components/home/ExploreByBoxSection.tsx(48,75): error TS6133: 'index' is declared but its value is never read.
src/components/home/ExploreByBoxSection.tsx(319,7): error TS6133: 'RainbowIcon' is declared but its value is never read.
src/components/home/FetchBrandsAndCategories.tsx(3,1): error TS6133: 'api' is declared but its value is never read.
src/components/home/FetchBrandsAndCategories.tsx(3,17): error TS7016: Could not find a declaration file for module '../config/axiosConfig'. 'D:/Subash/project/lokestore/frontend/src/components/config/axiosConfig.js' implicitly has an 'any' type.
src/components/home/FetchBrandsAndCategories.tsx(16,7): error TS6133: 'BuildingIcon' is declared but its value is never read.
src/components/home/FetchBrandsAndCategories.tsx(71,43): error TS6133: 'titleColor' is declared but its value is never read.
src/components/home/FetchBrandsAndCategories.tsx(82,10): error TS6133: 'brands' is declared but its value is never read.
src/components/home/Home.tsx(3,1): error TS6133: 'CategoryHighlights' is declared but its value is never read.
src/components/home/Home.tsx(4,1): error TS6133: 'FeaturedProducts' is declared but its value is never read.
src/components/home/Home.tsx(5,1): error TS6133: 'BestSellers' is declared but its value is never read.
src/components/home/Home.tsx(8,1): error TS6133: 'FeaturedBrands' is declared but its value is never read.
src/components/home/Home.tsx(9,1): error TS6133: 'Testimonials' is declared but its value is never read.
src/components/home/Home.tsx(10,1): error TS6133: 'BlogSection' is declared but its value is never read.
src/components/home/Home.tsx(11,1): error TS6133: 'HomePage' is declared but its value is never read.
src/components/home/Home.tsx(14,1): error TS6133: 'InstagramReels' is declared but its value is never read.
src/components/home/Home.tsx(16,1): error TS6133: 'PCPackageSection' is declared but its value is never read.
src/components/home/Home.tsx(18,1): error TS6133: 'TrustedBrandsSection' is declared but its value is never read.
src/components/home/Home.tsx(21,1): error TS6133: 'AgeRangeSection' is declared but its value is never read.
src/components/home/HomeLatestNews.tsx(11,10): error TS6133: 'error' is declared but its value is never read.
src/components/home/InstagramReels.tsx(73,16): error TS2345: Argument of type '({ id: string; url: string; username: any; avatar: any; thumbnail: any; caption: any; isVideo: boolean; loading: boolean; likes?: undefined; } | { id: string; url: string; username: string; avatar: string; ... 4 more ...; loading: boolean; })[]' is not assignable to parameter of type 'SetStateAction<ReelData[]>'.
  Type '({ id: string; url: string; username: any; avatar: any; thumbnail: any; caption: any; isVideo: boolean; loading: boolean; likes?: undefined; } | { id: string; url: string; username: string; avatar: string; ... 4 more ...; loading: boolean; })[]' is not assignable to type 'ReelData[]'.
    Type '{ id: string; url: string; username: any; avatar: any; thumbnail: any; caption: any; isVideo: boolean; loading: boolean; likes?: undefined; } | { id: string; url: string; username: string; avatar: string; ... 4 more ...; loading: boolean; }' is not assignable to type 'ReelData'.
      Type '{ id: string; url: string; username: any; avatar: any; thumbnail: any; caption: any; isVideo: boolean; loading: boolean; likes?: undefined; }' is not assignable to type 'ReelData'.
        Types of property 'likes' are incompatible.
          Type 'undefined' is not assignable to type 'string'.
src/components/home/PcBuilderPromo.tsx(1,1): error TS6133: 'React' is declared but its value is never read.
src/components/home/PcBuilderPromo.tsx(77,15): error TS2322: Type '{ hidden: { y: number; opacity: number; filter: string; }; visible: { y: number; opacity: number; filter: string; transition: { type: string; stiffness: number; damping: number; }; }; }' is not assignable to type 'Variants'.
  Property 'visible' is incompatible with index signature.
    Type '{ y: number; opacity: number; filter: string; transition: { type: string; stiffness: number; damping: number; }; }' is not assignable to type 'Variant'.
      Type '{ y: number; opacity: number; filter: string; transition: { type: string; stiffness: number; damping: number; }; }' is not assignable to type 'TargetAndTransition'.
        Type '{ y: number; opacity: number; filter: string; transition: { type: string; stiffness: number; damping: number; }; }' is not assignable to type '{ transition?: Transition<any> | undefined; transitionEnd?: ResolvedValues | undefined; }'.
          Types of property 'transition' are incompatible.
            Type '{ type: string; stiffness: number; damping: number; }' is not assignable to type 'Transition<any> | undefined'.
              Type '{ type: string; stiffness: number; damping: number; }' is not assignable to type 'TransitionWithValueOverrides<any>'.
                Type '{ type: string; stiffness: number; damping: number; }' is not assignable to type 'ValueAnimationTransition<any>'.
                  Types of property 'type' are incompatible.
                    Type 'string' is not assignable to type 'AnimationGeneratorType | undefined'.
src/components/home/PcBuilderPromo.tsx(115,15): error TS2322: Type '{ hidden: { y: number; opacity: number; filter: string; }; visible: { y: number; opacity: number; filter: string; transition: { type: string; stiffness: number; damping: number; }; }; }' is not assignable to type 'Variants'.
  Property 'visible' is incompatible with index signature.
    Type '{ y: number; opacity: number; filter: string; transition: { type: string; stiffness: number; damping: number; }; }' is not assignable to type 'Variant'.
      Type '{ y: number; opacity: number; filter: string; transition: { type: string; stiffness: number; damping: number; }; }' is not assignable to type 'TargetAndTransition'.
        Type '{ y: number; opacity: number; filter: string; transition: { type: string; stiffness: number; damping: number; }; }' is not assignable to type '{ transition?: Transition<any> | undefined; transitionEnd?: ResolvedValues | undefined; }'.
          Types of property 'transition' are incompatible.
            Type '{ type: string; stiffness: number; damping: number; }' is not assignable to type 'Transition<any> | undefined'.
              Type '{ type: string; stiffness: number; damping: number; }' is not assignable to type 'TransitionWithValueOverrides<any>'.
                Type '{ type: string; stiffness: number; damping: number; }' is not assignable to type 'ValueAnimationTransition<any>'.
                  Types of property 'type' are incompatible.
                    Type 'string' is not assignable to type 'AnimationGeneratorType | undefined'.
src/components/home/PcBuilderPromo.tsx(120,23): error TS2322: Type '{ hidden: { y: number; opacity: number; filter: string; }; visible: { y: number; opacity: number; filter: string; transition: { type: string; stiffness: number; damping: number; }; }; }' is not assignable to type 'Variants'.
  Property 'visible' is incompatible with index signature.
    Type '{ y: number; opacity: number; filter: string; transition: { type: string; stiffness: number; damping: number; }; }' is not assignable to type 'Variant'.
      Type '{ y: number; opacity: number; filter: string; transition: { type: string; stiffness: number; damping: number; }; }' is not assignable to type 'TargetAndTransition'.
        Type '{ y: number; opacity: number; filter: string; transition: { type: string; stiffness: number; damping: number; }; }' is not assignable to type '{ transition?: Transition<any> | undefined; transitionEnd?: ResolvedValues | undefined; }'.
          Types of property 'transition' are incompatible.
            Type '{ type: string; stiffness: number; damping: number; }' is not assignable to type 'Transition<any> | undefined'.
              Type '{ type: string; stiffness: number; damping: number; }' is not assignable to type 'TransitionWithValueOverrides<any>'.
                Type '{ type: string; stiffness: number; damping: number; }' is not assignable to type 'ValueAnimationTransition<any>'.
                  Types of property 'type' are incompatible.
                    Type 'string' is not assignable to type 'AnimationGeneratorType | undefined'.
src/components/home/PcBuilderPromo.tsx(127,13): error TS2322: Type '{ hidden: { y: number; opacity: number; filter: string; }; visible: { y: number; opacity: number; filter: string; transition: { type: string; stiffness: number; damping: number; }; }; }' is not assignable to type 'Variants'.
  Property 'visible' is incompatible with index signature.
    Type '{ y: number; opacity: number; filter: string; transition: { type: string; stiffness: number; damping: number; }; }' is not assignable to type 'Variant'.
      Type '{ y: number; opacity: number; filter: string; transition: { type: string; stiffness: number; damping: number; }; }' is not assignable to type 'TargetAndTransition'.
        Type '{ y: number; opacity: number; filter: string; transition: { type: string; stiffness: number; damping: number; }; }' is not assignable to type '{ transition?: Transition<any> | undefined; transitionEnd?: ResolvedValues | undefined; }'.
          Types of property 'transition' are incompatible.
            Type '{ type: string; stiffness: number; damping: number; }' is not assignable to type 'Transition<any> | undefined'.
              Type '{ type: string; stiffness: number; damping: number; }' is not assignable to type 'TransitionWithValueOverrides<any>'.
                Type '{ type: string; stiffness: number; damping: number; }' is not assignable to type 'ValueAnimationTransition<any>'.
                  Types of property 'type' are incompatible.
                    Type 'string' is not assignable to type 'AnimationGeneratorType | undefined'.
src/components/home/PcBuilderPromo.tsx(132,15): error TS2322: Type '{ scale: number[]; opacity: number[]; transition: { duration: number; repeat: number; ease: string; }; }' is not assignable to type 'boolean | TargetAndTransition | VariantLabels | LegacyAnimationControls | undefined'.
  Type '{ scale: number[]; opacity: number[]; transition: { duration: number; repeat: number; ease: string; }; }' is not assignable to type 'TargetAndTransition'.
    Type '{ scale: number[]; opacity: number[]; transition: { duration: number; repeat: number; ease: string; }; }' is not assignable to type '{ transition?: Transition<any> | undefined; transitionEnd?: ResolvedValues | undefined; }'.
      Types of property 'transition' are incompatible.
        Type '{ duration: number; repeat: number; ease: string; }' is not assignable to type 'Transition<any> | undefined'.
          Type '{ duration: number; repeat: number; ease: string; }' is not assignable to type 'TransitionWithValueOverrides<any>'.
            Type '{ duration: number; repeat: number; ease: string; }' is not assignable to type 'ValueAnimationTransition<any>'.
              Types of property 'ease' are incompatible.
                Type 'string' is not assignable to type 'Easing | Easing[] | undefined'.
src/components/home/PcBuilderPromo.tsx(138,15): error TS2322: Type '{ y: number[]; rotateX: number[]; transition: { duration: number; repeat: number; repeatType: "reverse"; ease: string; }; }' is not assignable to type 'boolean | TargetAndTransition | VariantLabels | LegacyAnimationControls | undefined'.
  Type '{ y: number[]; rotateX: number[]; transition: { duration: number; repeat: number; repeatType: "reverse"; ease: string; }; }' is not assignable to type 'TargetAndTransition'.
    Type '{ y: number[]; rotateX: number[]; transition: { duration: number; repeat: number; repeatType: "reverse"; ease: string; }; }' is not assignable to type '{ transition?: Transition<any> | undefined; transitionEnd?: ResolvedValues | undefined; }'.
      Types of property 'transition' are incompatible.
        Type '{ duration: number; repeat: number; repeatType: "reverse"; ease: string; }' is not assignable to type 'Transition<any> | undefined'.
          Type '{ duration: number; repeat: number; repeatType: "reverse"; ease: string; }' is not assignable to type 'TransitionWithValueOverrides<any>'.
            Type '{ duration: number; repeat: number; repeatType: "reverse"; ease: string; }' is not assignable to type 'ValueAnimationTransition<any>'.
              Types of property 'ease' are incompatible.
                Type 'string' is not assignable to type 'Easing | Easing[] | undefined'.
src/components/home/PcBuilderPromo.tsx(154,15): error TS2322: Type '{ hidden: { y: number; opacity: number; filter: string; }; visible: { y: number; opacity: number; filter: string; transition: { type: string; stiffness: number; damping: number; }; }; }' is not assignable to type 'Variants'.
  Property 'visible' is incompatible with index signature.
    Type '{ y: number; opacity: number; filter: string; transition: { type: string; stiffness: number; damping: number; }; }' is not assignable to type 'Variant'.
      Type '{ y: number; opacity: number; filter: string; transition: { type: string; stiffness: number; damping: number; }; }' is not assignable to type 'TargetAndTransition'.
        Type '{ y: number; opacity: number; filter: string; transition: { type: string; stiffness: number; damping: number; }; }' is not assignable to type '{ transition?: Transition<any> | undefined; transitionEnd?: ResolvedValues | undefined; }'.
          Types of property 'transition' are incompatible.
            Type '{ type: string; stiffness: number; damping: number; }' is not assignable to type 'Transition<any> | undefined'.
              Type '{ type: string; stiffness: number; damping: number; }' is not assignable to type 'TransitionWithValueOverrides<any>'.
                Type '{ type: string; stiffness: number; damping: number; }' is not assignable to type 'ValueAnimationTransition<any>'.
                  Types of property 'type' are incompatible.
                    Type 'string' is not assignable to type 'AnimationGeneratorType | undefined'.
src/components/home/PcBuilderPromo.tsx(199,14): error TS2322: Type '{ children: string; jsx: true; global: true; }' is not assignable to type 'DetailedHTMLProps<StyleHTMLAttributes<HTMLStyleElement>, HTMLStyleElement>'.
  Property 'jsx' does not exist on type 'DetailedHTMLProps<StyleHTMLAttributes<HTMLStyleElement>, HTMLStyleElement>'.
src/components/home/PreBuildSection.tsx(9,20): error TS6133: 'gradients' is declared but its value is never read.
src/components/home/ProductList.tsx(5,17): error TS7016: Could not find a declaration file for module '../config/axiosConfig'. 'D:/Subash/project/lokestore/frontend/src/components/config/axiosConfig.js' implicitly has an 'any' type.
src/components/home/ProductList.tsx(246,49): error TS2367: This comparison appears to be unintentional because the types 'string | number | true' and 'false' have no overlap.
src/components/home/SearchBar.tsx(168,69): error TS7053: Element implicitly has an 'any' type because expression of type '0' can't be used to index type '{ thumbnail: { url: string; altText: string; }; hoverImage?: { url: string; altText: string; } | undefined; }'.
  Property '0' does not exist on type '{ thumbnail: { url: string; altText: string; }; hoverImage?: { url: string; altText: string; } | undefined; }'.
src/components/home/SearchBar.tsx(180,35): error TS2339: Property 'offerPrice' does not exist on type 'Product'.
src/components/home/TrustedBrandsSection.tsx(80,35): error TS6133: 'brandId' is declared but its value is never read.
src/components/home/TrustedBrandsSection.tsx(129,15): error TS2322: Type '{ hidden: { opacity: number; y: number; }; visible: { opacity: number; y: number; transition: { duration: number; ease: number[]; }; }; }' is not assignable to type 'Variants'.
  Property 'visible' is incompatible with index signature.
    Type '{ opacity: number; y: number; transition: { duration: number; ease: number[]; }; }' is not assignable to type 'Variant'.
      Type '{ opacity: number; y: number; transition: { duration: number; ease: number[]; }; }' is not assignable to type 'TargetAndTransition'.
        Type '{ opacity: number; y: number; transition: { duration: number; ease: number[]; }; }' is not assignable to type '{ transition?: Transition<any> | undefined; transitionEnd?: ResolvedValues | undefined; }'.
          Types of property 'transition' are incompatible.
            Type '{ duration: number; ease: number[]; }' is not assignable to type 'Transition<any> | undefined'.
              Type '{ duration: number; ease: number[]; }' is not assignable to type 'TransitionWithValueOverrides<any>'.
                Type '{ duration: number; ease: number[]; }' is not assignable to type 'ValueAnimationTransition<any>'.
                  Types of property 'ease' are incompatible.
                    Type 'number[]' is not assignable to type 'Easing | Easing[] | undefined'.
                      Type 'number[]' is not assignable to type 'EasingFunction | Easing[]'.
                        Type 'number[]' is not assignable to type 'Easing[]'.
                          Type 'number' is not assignable to type 'Easing'.
src/components/home/YTVideoSection.tsx(1,8): error TS6133: 'React' is declared but its value is never read.
src/components/home/YTVideoSection.tsx(2,20): error TS7016: Could not find a declaration file for module 'react-slick'. 'D:/Subash/project/lokestore/frontend/node_modules/react-slick/lib/index.js' implicitly has an 'any' type.
  Try `npm i --save-dev @types/react-slick` if it exists or add a new declaration (.d.ts) file containing `declare module 'react-slick';`
src/components/home/YTVideoSection.tsx(7,32): error TS2307: Cannot find module '../../services/ytVideoService' or its corresponding type declarations.
src/components/home/YTVideoSection.tsx(8,29): error TS2307: Cannot find module '../../types/ytVideo' or its corresponding type declarations.
src/components/home/YTVideoSlider.tsx(1,8): error TS6133: 'React' is declared but its value is never read.
src/components/home/YTVideoSlider.tsx(2,20): error TS7016: Could not find a declaration file for module 'react-slick'. 'D:/Subash/project/lokestore/frontend/node_modules/react-slick/lib/index.js' implicitly has an 'any' type.
  Try `npm i --save-dev @types/react-slick` if it exists or add a new declaration (.d.ts) file containing `declare module 'react-slick';`
src/components/home/YTVideoSlider.tsx(7,32): error TS1261: Already included file name 'D:/Subash/project/lokestore/frontend/src/components/admin/services/ytVideoService.ts' differs from file name 'D:/Subash/project/lokestore/frontend/src/components/admin/services/ytvideoService.ts' only in casing.
  The file is in the program because:
    Imported via "../admin/services/ytVideoService" from file 'D:/Subash/project/lokestore/frontend/src/components/home/YTVideoSlider.tsx'
    Imported via '../services/ytVideoService' from file 'D:/Subash/project/lokestore/frontend/src/components/admin/ytvideos/YTVideoForm.tsx'
    Imported via '../services/ytvideoService' from file 'D:/Subash/project/lokestore/frontend/src/components/admin/ytvideos/YTVideoList.tsx'
    Matched by include pattern 'src' in 'D:/Subash/project/lokestore/frontend/tsconfig.json'
src/components/hooks/useAuthErrorHandler.ts(20,16): error TS2554: Expected 1 arguments, but got 0.
src/components/hooks/useImageUrl.ts(4,8): error TS2613: Module '"D:/Subash/project/lokestore/frontend/src/components/config/config"' has no default export. Did you mean to use 'import { baseURL } from "D:/Subash/project/lokestore/frontend/src/components/config/config"' instead?
src/components/Navbar.tsx(33,17): error TS7016: Could not find a declaration file for module '../components/config/axiosConfig'. 'D:/Subash/project/lokestore/frontend/src/components/config/axiosConfig.js' implicitly has an 'any' type.
src/components/Navbar.tsx(81,48): error TS2339: Property 'avatar' does not exist on type 'never'.
src/components/Navbar.tsx(473,48): error TS2339: Property 'avatar' does not exist on type 'never'.
src/components/Navbar.tsx(665,10): error TS6133: 'loading' is declared but its value is never read.
src/components/Navbar.tsx(666,10): error TS6133: 'error' is declared but its value is never read.
src/components/Navbar.tsx(685,9): error TS6133: 'user' is declared but its value is never read.
src/components/Navbar.tsx(691,9): error TS6133: 'formattedCartTotal' is declared but its value is never read.
src/components/order/OrderDetails.tsx(251,60): error TS2339: Property 'price' does not exist on type 'OrderItem'.
src/components/order/OrderDetails.tsx(254,88): error TS2339: Property 'price' does not exist on type 'OrderItem'.
src/components/order/OrderTracking.tsx(254,54): error TS2339: Property 'price' does not exist on type 'OrderItem'.
src/components/pages/ContactPage.tsx(5,14): error TS6133: 'Wrench' is declared but its value is never read.
src/components/pages/ContactPage.tsx(360,25): error TS2322: Type 'string' is not assignable to type 'number'.
src/components/pages/PrivacyPolicy.tsx(1,1): error TS6133: 'React' is declared but its value is never read.
src/components/pages/PrivacyPolicy.tsx(2,10): error TS6133: 'Shield' is declared but its value is never read.
src/components/pages/RefundReturnsPolicy.tsx(1,1): error TS6133: 'React' is declared but its value is never read.
src/components/pages/RefundReturnsPolicy.tsx(2,10): error TS6133: 'RefreshCw' is declared but its value is never read.
src/components/pages/ShippingDeliveryPolicy.tsx(1,1): error TS6133: 'React' is declared but its value is never read.
src/components/pages/ShippingDeliveryPolicy.tsx(2,10): error TS6133: 'Truck' is declared but its value is never read.
src/components/pages/TermsConditions.tsx(1,1): error TS6133: 'React' is declared but its value is never read.
src/components/pages/TermsConditions.tsx(2,10): error TS6133: 'FileText' is declared but its value is never read.
src/components/pages/UsedLaptopsPage.tsx(72,9): error TS6133: 'error' is declared but its value is never read.
src/components/pages/WarrantyPolicy.tsx(1,1): error TS6133: 'React' is declared but its value is never read.
src/components/pages/WarrantyPolicy.tsx(2,10): error TS6133: 'Shield' is declared but its value is never read.
src/components/pages/WarrantyPolicy.tsx(2,41): error TS6133: 'Clock' is declared but its value is never read.
src/components/pages/WarrantyPolicy.tsx(2,48): error TS6133: 'FileText' is declared but its value is never read.
src/components/PCBuilder/CategorySection.tsx(19,3): error TS6133: 'isRequired' is declared but its value is never read.
src/components/PCBuilder/CategorySection.tsx(98,65): error TS2551: Property 'pages' does not exist on type 'Pagination'. Did you mean 'page'?
src/components/PCBuilder/ComponentCard.tsx(3,35): error TS2307: Cannot find module '../types/pcBuilder' or its corresponding type declarations.
src/components/PCBuilder/ComponentCard.tsx(20,3): error TS6133: 'category' is declared but its value is never read.
src/components/PCBuilder/PCBuilder.tsx(138,49): error TS6133: 'categorySlug' is declared but its value is never read.
src/components/PCBuilder/PCBuilder.tsx(148,9): error TS2322: Type '{ selectedComponents: SelectedComponents; onComponentSelect: (categorySlug: string, product: Product | null) => void; config: PCBuilderConfig; onTabChange: Dispatch<...>; onNavigateToCategory: (categorySlug: string) => void; }' is not assignable to type 'IntrinsicAttributes & OverviewTabProps'.
  Property 'onComponentSelect' does not exist on type 'IntrinsicAttributes & OverviewTabProps'.
src/components/PCBuilder/PCBuilder.tsx(159,9): error TS2322: Type '{ selectedComponents: SelectedComponents; onComponentSelect: (categorySlug: string, product: Product | null) => void; config: PCBuilderConfig; visibleCategories: Set<...>; onCategoryVisibilityChange: (categorySlug: string, isVisible: boolean) => void; }' is not assignable to type 'IntrinsicAttributes & ComponentsTabProps'.
  Property 'visibleCategories' does not exist on type 'IntrinsicAttributes & ComponentsTabProps'.
src/components/PCBuilder/PCBuilder.tsx(168,9): error TS2322: Type '{ selectedComponents: SelectedComponents; onComponentSelect: (categorySlug: string, product: Product | null) => void; config: PCBuilderConfig; visibleCategories: Set<...>; onCategoryVisibilityChange: (categorySlug: string, isVisible: boolean) => void; }' is not assignable to type 'IntrinsicAttributes & ExtrasTabProps'.
  Property 'visibleCategories' does not exist on type 'IntrinsicAttributes & ExtrasTabProps'.
src/components/PCBuilder/PCBuilder.tsx(177,9): error TS2322: Type '{ selectedComponents: SelectedComponents; onComponentSelect: (categorySlug: string, product: Product | null) => void; config: PCBuilderConfig; visibleCategories: Set<...>; onCategoryVisibilityChange: (categorySlug: string, isVisible: boolean) => void; }' is not assignable to type 'IntrinsicAttributes & PeripheralsTabProps'.
  Property 'visibleCategories' does not exist on type 'IntrinsicAttributes & PeripheralsTabProps'.
src/components/PCBuilder/services/pcBuilderService.ts(1,17): error TS7016: Could not find a declaration file for module '../../config/axiosConfig'. 'D:/Subash/project/lokestore/frontend/src/components/config/axiosConfig.js' implicitly has an 'any' type.
src/components/prebuild/FeaturedPreBuiltPCs.tsx(24,29): error TS2322: Type '"large"' is not assignable to type '"sm" | "md" | "lg" | "xl" | undefined'.
src/components/prebuild/PreBuiltPCAddToCartButton.tsx(23,3): error TS6133: 'showIcon' is declared but its value is never read.
src/components/prebuild/PreBuiltPCAddToCartButton.tsx(24,3): error TS6133: 'iconSize' is declared but its value is never read.
src/components/prebuild/PreBuiltPCAddToWishlistButton.tsx(23,3): error TS6133: 'children' is declared but its value is never read.
src/components/prebuild/PreBuiltPCCard.tsx(23,10): error TS6133: 'isHovering' is declared but its value is never read.
src/components/prebuild/PreBuiltPCCard.tsx(24,10): error TS6133: 'imageLoaded' is declared but its value is never read.
src/components/prebuild/PreBuiltPCDetail.tsx(8,1): error TS6133: 'AddToWishlistButton' is declared but its value is never read.
src/components/prebuild/PreBuiltPCDetail.tsx(13,41): error TS6133: 'HardDrive' is declared but its value is never read.
src/components/prebuild/PreBuiltPCDetail.tsx(14,23): error TS6133: 'Monitor' is declared but its value is never read.
src/components/prebuild/PreBuiltPCDetail.tsx(14,32): error TS6133: 'Wind' is declared but its value is never read.
src/components/prebuild/PreBuiltPCDetail.tsx(14,38): error TS6133: 'Zap' is declared but its value is never read.
src/components/prebuild/PreBuiltPCDetail.tsx(15,12): error TS6133: 'Clock' is declared but its value is never read.
src/components/prebuild/PreBuiltPCDetail.tsx(15,26): error TS6133: 'Award' is declared but its value is never read.
src/components/prebuild/PreBuiltPCDetail.tsx(16,38): error TS6133: 'Heart' is declared but its value is never read.
src/components/prebuild/PreBuiltPCDetail.tsx(125,21): error TS6133: 'setIsAutoSlide' is declared but its value is never read.
src/components/prebuild/PreBuiltPCDetail.tsx(130,9): error TS18048: 'currentPC.images.length' is possibly 'undefined'.
src/components/prebuild/PreBuiltPCDetail.tsx(133,20): error TS18047: 'currentPC' is possibly 'null'.
src/components/prebuild/PreBuiltPCDetail.tsx(209,9): error TS6133: 'productData' is declared but its value is never read.
src/components/prebuild/PreBuiltPCDetail.tsx(230,25): error TS2322: Type '"large"' is not assignable to type '"sm" | "md" | "lg" | "xl" | undefined'.
src/components/prebuild/PreBuiltPCDetail.tsx(279,24): error TS2339: Property '_id' does not exist on type '{ public_id: string; url: string; }'.
src/components/prebuild/PreBuiltPCDetail.tsx(318,26): error TS2339: Property '_id' does not exist on type '{ public_id: string; url: string; }'.
src/components/prebuild/PreBuiltPCDetail.tsx(489,18): error TS18048: 'priceInfo.discountPercentage' is possibly 'undefined'.
src/components/prebuild/PreBuiltPCDetail.tsx(491,71): error TS18047: 'priceInfo' is possibly 'null'.
src/components/prebuild/PreBuiltPCDetail.tsx(500,19): error TS2322: Type '{ productId: string; productName: string; productPrice: number; productImage: string; stockQuantity: number; className: string; disabled: boolean; productType: "prebuilt-pc"; label: string; }' is not assignable to type 'IntrinsicAttributes & AddToCartButtonProps'.
  Property 'productName' does not exist on type 'IntrinsicAttributes & AddToCartButtonProps'.
src/components/prebuild/PreBuiltPCList.tsx(213,35): error TS2322: Type '"large"' is not assignable to type '"sm" | "md" | "lg" | "xl" | undefined'.
src/components/product/AddToCartButton.tsx(56,11): error TS2353: Object literal may only specify known properties, and 'preBuiltPC' does not exist in type '{ pcId: string; quantity?: number | undefined; product?: any; }'.
src/components/product/AddToCartButton.tsx(76,46): error TS2345: Argument of type '{ productId: string; variantId: string | undefined; variantData: VariantData | null | undefined; quantity: number; product: any; }' is not assignable to parameter of type 'AddToCartData'.
  Types of property 'variantData' are incompatible.
    Type 'VariantData | null | undefined' is not assignable to type '{ variantId: string; name?: string | undefined; price?: number | undefined; mrp?: number | undefined; stock?: number | undefined; attributes?: { key: string; label: string; value: string; }[] | undefined; sku?: string | undefined; } | undefined'.
      Type 'null' is not assignable to type '{ variantId: string; name?: string | undefined; price?: number | undefined; mrp?: number | undefined; stock?: number | undefined; attributes?: { key: string; label: string; value: string; }[] | undefined; sku?: string | undefined; } | undefined'.
src/components/product/AddToWishlistButton.tsx(2,27): error TS6133: 'useEffect' is declared but its value is never read.
src/components/product/AddToWishlistButton.tsx(43,9): error TS6133: 'isGuestWishlist' is declared but its value is never read.
src/components/product/AddToWishlistButton.tsx(44,9): error TS6133: 'wishlistItems' is declared but its value is never read.
src/components/product/AddToWishlistButton.tsx(67,11): error TS2322: Type 'VariantData | null | undefined' is not assignable to type '{ variantId: string; name?: string | undefined; price?: number | undefined; mrp?: number | undefined; stock?: number | undefined; attributes?: { key: string; label: string; value: string; displayValue?: string | undefined; hexCode?: string | undefined; isColor?: boolean | undefined; }[] | undefined; sku?: string | u...'.
  Type 'null' is not assignable to type '{ variantId: string; name?: string | undefined; price?: number | undefined; mrp?: number | undefined; stock?: number | undefined; attributes?: { key: string; label: string; value: string; displayValue?: string | undefined; hexCode?: string | undefined; isColor?: boolean | undefined; }[] | undefined; sku?: string | u...'.
src/components/product/LinkedProductsDisplay.tsx(6,17): error TS7016: Could not find a declaration file for module '../config/axiosConfig'. 'D:/Subash/project/lokestore/frontend/src/components/config/axiosConfig.js' implicitly has an 'any' type.
src/components/product/LinkedProductsDisplay.tsx(54,3): error TS6133: 'productId' is declared but its value is never read.
src/components/product/LinkedProductsDisplay.tsx(61,10): error TS6133: 'error' is declared but its value is never read.
src/components/product/LinkedProductsDisplay.tsx(100,23): error TS7006: Parameter 'res' implicitly has an 'any' type.
src/components/product/LinkedProductsDisplay.tsx(101,20): error TS7006: Parameter 'res' implicitly has an 'any' type.
src/components/product/LinkedProductsDisplay.tsx(182,15): error TS2741: Property 'effectivePrice' is missing in type 'ProductData' but required in type 'Product'.
src/components/product/ManufacturerImages.tsx(3,30): error TS6133: 'Info' is declared but its value is never read.
src/components/product/MoveToCartButton.tsx(6,1): error TS6133: 'toast' is declared but its value is never read.
src/components/product/MoveToCartButton.tsx(31,3): error TS6133: 'itemId' is declared but its value is never read.
src/components/product/MoveToCartButton.tsx(32,3): error TS6133: 'productId' is declared but its value is never read.
src/components/product/MoveToCartButton.tsx(33,3): error TS6133: 'product' is declared but its value is never read.
src/components/product/MoveToCartButton.tsx(34,3): error TS6133: 'variant' is declared but its value is never read.
src/components/product/MoveToCartButton.tsx(35,3): error TS6133: 'productType' is declared but its value is never read.
src/components/product/MoveToCartButton.tsx(37,3): error TS6133: 'quantity' is declared but its value is never read.
src/components/product/MoveToCartButton.tsx(42,19): error TS6133: 'setLoading' is declared but its value is never read.
src/components/product/MoveToCartButton.tsx(49,15): error TS2304: Cannot find name 'item'.
src/components/product/MoveToCartButton.tsx(53,9): error TS2304: Cannot find name 'item'.
src/components/product/MoveToCartButton.tsx(55,15): error TS2304: Cannot find name 'item'.
src/components/product/MoveToCartButton.tsx(57,9): error TS2353: Object literal may only specify known properties, and 'preBuiltPC' does not exist in type '{ pcId: string; quantity?: number | undefined; product?: any; }'.
src/components/product/MoveToCartButton.tsx(57,21): error TS2304: Cannot find name 'item'.
src/components/product/MoveToCartButton.tsx(62,12): error TS2304: Cannot find name 'item'.
src/components/product/MoveToCartButton.tsx(64,17): error TS2304: Cannot find name 'item'.
src/components/product/MoveToCartButton.tsx(65,14): error TS2304: Cannot find name 'item'.
src/components/product/MoveToCartButton.tsx(66,22): error TS2304: Cannot find name 'item'.
src/components/product/MoveToCartButton.tsx(67,16): error TS2304: Cannot find name 'item'.
src/components/product/MoveToCartButton.tsx(71,15): error TS2304: Cannot find name 'item'.
src/components/product/MoveToCartButton.tsx(72,15): error TS2304: Cannot find name 'item'.
src/components/product/MoveToCartButton.tsx(73,16): error TS2304: Cannot find name 'item'.
src/components/product/MoveToCartButton.tsx(73,39): error TS2304: Cannot find name 'item'.
src/components/product/MoveToCartButton.tsx(74,14): error TS2304: Cannot find name 'item'.
src/components/product/MoveToCartButton.tsx(74,35): error TS2304: Cannot find name 'item'.
src/components/product/MoveToCartButton.tsx(75,24): error TS2304: Cannot find name 'item'.
src/components/product/MoveToCartButton.tsx(75,47): error TS2304: Cannot find name 'item'.
src/components/product/MoveToCartButton.tsx(79,20): error TS2304: Cannot find name 'item'.
src/components/product/MoveToCartButton.tsx(80,20): error TS2304: Cannot find name 'item'.
src/components/product/MoveToCartButton.tsx(81,22): error TS2304: Cannot find name 'item'.
src/components/product/MoveToCartButton.tsx(82,22): error TS2304: Cannot find name 'item'.
src/components/product/MoveToCartButton.tsx(83,17): error TS2304: Cannot find name 'item'.
src/components/product/MoveToCartButton.tsx(84,18): error TS2304: Cannot find name 'item'.
src/components/product/MoveToCartButton.tsx(85,16): error TS2304: Cannot find name 'item'.
src/components/product/MoveToCartButton.tsx(86,18): error TS2304: Cannot find name 'item'.
src/components/product/MoveToCartButton.tsx(87,23): error TS2304: Cannot find name 'item'.
src/components/product/MoveToCartButton.tsx(88,16): error TS2304: Cannot find name 'item'.
src/components/product/MoveToCartButton.tsx(90,11): error TS2322: Type '{ variantId: any; name: any; price: any; mrp: any; stock: any; attributes: any; sku: any; images: any; } | undefined' is not assignable to type '{ variantId: string; name?: string | undefined; price?: number | undefined; mrp?: number | undefined; stock?: number | undefined; attributes?: { key: string; label: string; value: string; }[] | undefined; sku?: string | undefined; } | undefined'.
  Object literal may only specify known properties, and 'images' does not exist in type '{ variantId: string; name?: string | undefined; price?: number | undefined; mrp?: number | undefined; stock?: number | undefined; attributes?: { key: string; label: string; value: string; }[] | undefined; sku?: string | undefined; }'.
src/components/product/MoveToCartButton.tsx(90,19): error TS2304: Cannot find name 'item'.
src/components/product/ProductCard.tsx(78,3): error TS6133: 'productType' is declared but its value is never read.
src/components/product/ProductCard.tsx(166,5): error TS6133: 'averageRating' is declared but its value is never read.
src/components/product/ProductDetailFilters.tsx(52,9): error TS6198: All destructured elements are unused.
src/components/product/ProductDimensions.tsx(18,6): error TS18048: 'dimensions.length' is possibly 'undefined'.
src/components/product/ProductDimensions.tsx(18,31): error TS18048: 'dimensions.width' is possibly 'undefined'.
src/components/product/ProductDimensions.tsx(18,55): error TS18048: 'dimensions.height' is possibly 'undefined'.
src/components/product/ProductDimensions.tsx(21,36): error TS18048: 'weight.value' is possibly 'undefined'.
src/components/product/ProductDimensions.tsx(179,27): error TS18048: 'weight.value' is possibly 'undefined'.
src/components/product/ProductDisplay.tsx(5,17): error TS7016: Could not find a declaration file for module '../config/axiosConfig'. 'D:/Subash/project/lokestore/frontend/src/components/config/axiosConfig.js' implicitly has an 'any' type.
src/components/product/ProductDisplay.tsx(42,21): error TS7053: Element implicitly has an 'any' type because expression of type '0' can't be used to index type '{ thumbnail: Image; hoverImage?: Image | undefined; gallery: Image[]; }'.
  Property '0' does not exist on type '{ thumbnail: Image; hoverImage?: Image | undefined; gallery: Image[]; }'.
src/components/product/ProductDisplay.tsx(48,57): error TS2339: Property 'price' does not exist on type 'ProductData'.
src/components/product/ProductDisplay.tsx(65,52): error TS2339: Property 'sku' does not exist on type 'ProductData'.
src/components/product/ProductDisplay.tsx(79,25): error TS2339: Property 'rating' does not exist on type 'ProductData'.
src/components/product/ProductDisplay.tsx(82,40): error TS2339: Property 'rating' does not exist on type 'ProductData'.
src/components/product/ProductDisplay.tsx(83,40): error TS2551: Property 'numReviews' does not exist on type 'ProductData'. Did you mean 'reviews'?
src/components/product/ProductInfo.tsx(35,63): error TS2339: Property 'effectivePrice' does not exist on type 'ProductData'.
src/components/product/ProductInfo.tsx(61,9): error TS6133: 'getVariantId' is declared but its value is never read.
src/components/product/ProductList.tsx(266,11): error TS6133: 'urlSortMap' is declared but its value is never read.
src/components/product/ProductSpecifications.tsx(3,23): error TS6133: 'ClipboardList' is declared but its value is never read.
src/components/product/VariantSelectors.tsx(15,3): error TS6133: 'selectedVariant' is declared but its value is never read.
src/components/product/VariantSelectors.tsx(60,31): error TS2345: Argument of type 'unknown' is not assignable to parameter of type 'string'.
src/components/product/VariantSelectors.tsx(61,31): error TS2345: Argument of type 'unknown' is not assignable to parameter of type 'string'.
src/components/product/VariantSelectors.tsx(65,16): error TS18046: 'a' is of type 'unknown'.
src/components/product/VariantSelectors.tsx(124,25): error TS2552: Cannot find name 'attr'. Did you mean 'Attr'?
src/components/product/VariantSelectors.tsx(124,46): error TS2552: Cannot find name 'attr'. Did you mean 'Attr'?
src/components/product/VariantSelectors.tsx(125,20): error TS2552: Cannot find name 'attr'. Did you mean 'Attr'?
src/components/product/VariantSelectors.tsx(125,52): error TS2552: Cannot find name 'attr'. Did you mean 'Attr'?
src/components/product/VariantSelectors.tsx(154,9): error TS6133: 'findVariantByAttributes' is declared but its value is never read.
src/components/product/VariantSelectors.tsx(181,9): error TS7053: Element implicitly has an 'any' type because expression of type 'string' can't be used to index type '{}'.
  No index signature with a parameter of type 'string' was found on type '{}'.
src/components/product/VariantSelectors.tsx(188,39): error TS7053: Element implicitly has an 'any' type because expression of type 'string' can't be used to index type '{}'.
  No index signature with a parameter of type 'string' was found on type '{}'.
src/components/product/VariantSelectors.tsx(202,41): error TS2538: Type 'undefined' cannot be used as an index type.
src/components/product/VariantSelectors.tsx(203,36): error TS2538: Type 'undefined' cannot be used as an index type.
src/components/product/VariantSelectors.tsx(266,9): error TS6133: 'allAttributes' is declared but its value is never read.
src/components/product/VariantSelectors.tsx(386,44): error TS7006: Parameter 'value' implicitly has an 'any' type.
src/components/ReloadDetector.tsx(26,26): error TS6133: 'index' is declared but its value is never read.
src/components/review/ProductReviewsSection.tsx(9,16): error TS6133: 'MessageSquare' is declared but its value is never read.
src/components/review/ReviewForm.tsx(9,18): error TS6133: 'AnimatePresence' is declared but its value is never read.
src/components/review/ReviewItem.tsx(73,34): error TS2339: Property '_id' does not exist on type 'never'.
src/components/review/ReviewItem.tsx(93,13): error TS6133: 'result' is declared but its value is never read.
src/components/review/ReviewItem.tsx(93,51): error TS2339: Property 'deleteReview' does not exist on type '{ getProductReviews: (productId: string) => (dispatch: any) => Promise<void>; createReview: (productId: string, reviewData: CreateReviewData) => (dispatch: any) => Promise<void>; ... 4 more ...; clearProductReviews: (productId: string) => { ...; }; }'.
src/components/review/ReviewsList.tsx(36,51): error TS2339: Property '_id' does not exist on type 'never'.
src/components/review/ReviewsList.tsx(158,115): error TS2322: Type '{ review: Review; productId: string; onEdit: (review: Review) => void; onDelete: (() => void) | undefined; isOwnReview: true; }' is not assignable to type 'IntrinsicAttributes & ReviewItemProps'.
  Property 'isOwnReview' does not exist on type 'IntrinsicAttributes & ReviewItemProps'.
src/components/showcase/ProductCard.tsx(92,3): error TS6133: 'productType' is declared but its value is never read.
src/components/showcase/ProductCard.tsx(179,5): error TS6133: 'condition' is declared but its value is never read.
src/components/showcase/ProductShowcaseSection.tsx(23,5): error TS6133: '_id' is declared but its value is never read.
src/components/showcase/showcaseSection.ts(29,13): error TS2304: Cannot find name 'Product'.
src/components/showcase/showcaseSectionService.ts(2,17): error TS7016: Could not find a declaration file for module '../config/axiosConfig'. 'D:/Subash/project/lokestore/frontend/src/components/config/axiosConfig.js' implicitly has an 'any' type.
src/components/showcase/showcaseSectionService.ts(3,10): error TS6133: 'ShowcaseSection' is declared but its value is never read.
src/components/support/SupportPage.tsx(63,9): error TS6133: 'handleFileChange' is declared but its value is never read.
src/components/utils/ImageOptimizer.tsx(57,37): error TS7015: Element implicitly has an 'any' type because index expression is not of type 'number'.
src/components/utils/ImageOptimizer.tsx(77,49): error TS7015: Element implicitly has an 'any' type because index expression is not of type 'number'.
src/components/utils/ImageOptimizer.tsx(81,16): error TS7015: Element implicitly has an 'any' type because index expression is not of type 'number'.
src/components/utils/localStorage.ts(319,33): error TS7006: Parameter 'item' implicitly has an 'any' type.
src/components/video/VideoCard.tsx(21,3): error TS6133: 'showActions' is declared but its value is never read.
src/components/video/VideoCard.tsx(77,11): error TS2322: Type '{ src: string; poster: string; autoplay: boolean; loop: true; muted: boolean; controls: false; className: string; lazyLoad: boolean; intersectionThreshold: number; }' is not assignable to type 'IntrinsicAttributes & VideoPlayerProps & RefAttributes<HTMLVideoElement>'.
  Property 'autoplay' does not exist on type 'IntrinsicAttributes & VideoPlayerProps & RefAttributes<HTMLVideoElement>'.
src/components/video/VideoPlayer.tsx(1,8): error TS6133: 'React' is declared but its value is never read.
src/components/video/VideoPlayer.tsx(27,3): error TS6133: 'onPause' is declared but its value is never read.
src/components/video/VideoSectionsPage.tsx(82,15): error TS2322: Type '{ _id: string; title: string; description: string; layoutType: string; backgroundColor: string; textColor: string; maxWidth: string; padding: { top: number; bottom: number; left: number; right: number; }; ... 4 more ...; visible: boolean; }[]' is not assignable to type 'Section[]'.
  Type '{ _id: string; title: string; description: string; layoutType: string; backgroundColor: string; textColor: string; maxWidth: string; padding: { top: number; bottom: number; left: number; right: number; }; ... 4 more ...; visible: boolean; }' is missing the following properties from type 'Section': createdAt, updatedAt
src/components/video/VideoSectionsPage.tsx(155,28): error TS2322: Type 'import("D:/Subash/project/lokestore/frontend/src/components/admin/types/section").Section' is not assignable to type 'Section'.
  Types of property 'videos' are incompatible.
    Type 'SectionVideo[]' is not assignable to type 'Video[]'.
      Type 'SectionVideo' is missing the following properties from type 'Video': url, thumbnailUrl
src/components/wishlist/Wishlist.tsx(139,35): error TS7006: Parameter 'item' implicitly has an 'any' type.
src/components/wishlist/WishlistItem.tsx(9,59): error TS6133: 'CheckCircle' is declared but its value is never read.
src/components/wishlist/WishlistItem.tsx(53,14): error TS2339: Property 'preBuiltPC' does not exist on type 'WishlistItem'.
src/components/wishlist/WishlistItem.tsx(53,40): error TS2339: Property 'preBuiltPC' does not exist on type 'WishlistItem'.
src/components/wishlist/WishlistItem.tsx(54,27): error TS2339: Property 'preBuiltPC' does not exist on type 'WishlistItem'.
src/components/wishlist/WishlistItem.tsx(79,21): error TS2339: Property 'images' does not exist on type 'WishlistVariant'.
src/components/wishlist/WishlistItem.tsx(80,25): error TS2339: Property 'images' does not exist on type 'WishlistVariant'.
src/components/wishlist/WishlistItem.tsx(128,14): error TS2322: Type '{ variantId: string; name: string | undefined; price: number | undefined; mrp: number | undefined; stock: number | undefined; attributes: { key: string; label: string; value: string; displayValue?: string | undefined; hexCode?: string | undefined; isColor?: boolean | undefined; }[] | undefined; sku: string | undefin...' is not assignable to type '{ variantId: string; name?: string | undefined; price?: number | undefined; mrp?: number | undefined; stock?: number | undefined; attributes?: { key: string; label: string; value: string; }[] | undefined; sku?: string | undefined; } | undefined'.
  Object literal may only specify known properties, and 'images' does not exist in type '{ variantId: string; name?: string | undefined; price?: number | undefined; mrp?: number | undefined; stock?: number | undefined; attributes?: { key: string; label: string; value: string; }[] | undefined; sku?: string | undefined; }'.
src/components/wishlist/WishlistItem.tsx(128,35): error TS2339: Property 'images' does not exist on type 'WishlistVariant'.
src/components/wishlist/WishlistItem.tsx(149,16): error TS2339: Property 'preBuiltPC' does not exist on type 'WishlistItem'.
src/components/wishlist/WishlistItem.tsx(149,42): error TS2339: Property 'preBuiltPC' does not exist on type 'WishlistItem'.
src/components/wishlist/WishlistItem.tsx(150,29): error TS2339: Property 'preBuiltPC' does not exist on type 'WishlistItem'.
src/components/wishlist/WishlistItem.tsx(267,23): error TS2339: Property 'category' does not exist on type 'WishlistProduct | PreBuiltPC'.
  Property 'category' does not exist on type 'WishlistProduct'.
src/components/wishlist/WishlistItem.tsx(267,53): error TS2339: Property 'category' does not exist on type 'WishlistProduct | PreBuiltPC'.
  Property 'category' does not exist on type 'WishlistProduct'.
src/index.tsx(2,22): error TS7016: Could not find a declaration file for module 'react-dom/client'. 'D:/Subash/project/lokestore/frontend/node_modules/react-dom/client.js' implicitly has an 'any' type.
  Try `npm i --save-dev @types/react-dom` if it exists or add a new declaration (.d.ts) file containing `declare module 'react-dom/client';`
src/redux/actions/authActions.ts(18,17): error TS7016: Could not find a declaration file for module '../../components/config/axiosConfig'. 'D:/Subash/project/lokestore/frontend/src/components/config/axiosConfig.js' implicitly has an 'any' type.
src/redux/actions/authActions.ts(21,12): error TS2554: Expected 1 arguments, but got 0.
src/redux/actions/authActions.ts(81,22): error TS2554: Expected 1 arguments, but got 0.
src/redux/actions/authActions.ts(93,23): error TS6133: 'profileResult' is declared but its value is never read.
src/redux/actions/authActions.ts(115,22): error TS2554: Expected 1 arguments, but got 0.
src/redux/actions/authActions.ts(157,22): error TS2554: Expected 1 arguments, but got 0.
src/redux/actions/authActions.ts(162,22): error TS2554: Expected 1 arguments, but got 0.
src/redux/actions/authActions.ts(173,22): error TS2554: Expected 1 arguments, but got 0.
src/redux/actions/cartActions.ts(3,17): error TS7016: Could not find a declaration file for module '../../components/config/axiosConfig'. 'D:/Subash/project/lokestore/frontend/src/components/config/axiosConfig.js' implicitly has an 'any' type.
src/redux/actions/cartActions.ts(5,10): error TS6133: 'CartItem' is declared but its value is never read.
src/redux/actions/cartActions.ts(19,11): error TS2353: Object literal may only specify known properties, and 'success' does not exist in type '{ data: any; }'.
src/redux/actions/cartActions.ts(44,15): error TS2339: Property 'variantId' does not exist on type '{ productId: string; quantity: number; }'.
src/redux/actions/cartActions.ts(64,9): error TS2322: Type '(GuestCartItem | { quantity: number; product: any; variant: { variantId: string; name?: string | undefined; price?: number | undefined; mrp?: number | undefined; stock?: number | undefined; attributes?: { ...; }[] | undefined; sku?: string | undefined; } | undefined; ... 6 more ...; preBuiltPC?: { ...; } | undefined...' is not assignable to type 'GuestCartItem[]'.
  Type 'GuestCartItem | { quantity: number; product: any; variant: { variantId: string; name?: string | undefined; price?: number | undefined; mrp?: number | undefined; stock?: number | undefined; attributes?: { ...; }[] | undefined; sku?: string | undefined; } | undefined; ... 6 more ...; preBuiltPC?: { ...; } | undefined; }' is not assignable to type 'GuestCartItem'.
    Type '{ quantity: number; product: any; variant: { variantId: string; name?: string; price?: number; mrp?: number; stock?: number; attributes?: Array<{ key: string; label: string; value: string; }>; sku?: string; } | undefined; ... 6 more ...; preBuiltPC?: { _id: string; name: string; slug: string; totalPrice: number; dis...' is not assignable to type 'GuestCartItem'.
      Types of property 'variant' are incompatible.
        Type '{ variantId: string; name?: string | undefined; price?: number | undefined; mrp?: number | undefined; stock?: number | undefined; attributes?: { key: string; label: string; value: string; }[] | undefined; sku?: string | undefined; } | undefined' is not assignable to type '{ variantId: string; name: string; price?: number | undefined; mrp?: number | undefined; stock?: number | undefined; sku?: string | undefined; attributes?: { key: string; label: string; value: string; }[] | undefined; images?: { ...; } | undefined; } | undefined'.
          Type '{ variantId: string; name?: string | undefined; price?: number | undefined; mrp?: number | undefined; stock?: number | undefined; attributes?: { key: string; label: string; value: string; }[] | undefined; sku?: string | undefined; }' is not assignable to type '{ variantId: string; name: string; price?: number | undefined; mrp?: number | undefined; stock?: number | undefined; sku?: string | undefined; attributes?: { key: string; label: string; value: string; }[] | undefined; images?: { ...; } | undefined; }'.
            Types of property 'name' are incompatible.
              Type 'string | undefined' is not assignable to type 'string'.
                Type 'undefined' is not assignable to type 'string'.
src/redux/actions/cartActions.ts(98,11): error TS2322: Type '{ variantId: string; name: string | undefined; price: number | undefined; mrp: number | undefined; stock: number | undefined; sku: string | undefined; attributes: { key: string; label: string; value: string; }[] | undefined; images: any; } | undefined' is not assignable to type '{ variantId: string; name: string; price?: number | undefined; mrp?: number | undefined; stock?: number | undefined; sku?: string | undefined; attributes?: { key: string; label: string; value: string; }[] | undefined; images?: { ...; } | undefined; } | undefined'.
  Type '{ variantId: string; name: string | undefined; price: number | undefined; mrp: number | undefined; stock: number | undefined; sku: string | undefined; attributes: { key: string; label: string; value: string; }[] | undefined; images: any; }' is not assignable to type '{ variantId: string; name: string; price?: number | undefined; mrp?: number | undefined; stock?: number | undefined; sku?: string | undefined; attributes?: { key: string; label: string; value: string; }[] | undefined; images?: { ...; } | undefined; }'.
    Types of property 'name' are incompatible.
      Type 'string | undefined' is not assignable to type 'string'.
        Type 'undefined' is not assignable to type 'string'.
src/redux/actions/cartActions.ts(106,42): error TS2339: Property 'images' does not exist on type '{ variantId: string; name?: string | undefined; price?: number | undefined; mrp?: number | undefined; stock?: number | undefined; attributes?: { key: string; label: string; value: string; }[] | undefined; sku?: string | undefined; }'.
src/redux/actions/cartActions.ts(116,9): error TS2353: Object literal may only specify known properties, and 'success' does not exist in type '{ data: any; message: string; }'.
src/redux/actions/cartActions.ts(234,20): error TS2339: Property 'success' does not exist on type '{ data: any; }'.
src/redux/actions/cartActions.ts(300,9): error TS2322: Type '(GuestCartItem | { quantity: number; product: any; variant: { variantId: string; name?: string | undefined; price?: number | undefined; mrp?: number | undefined; stock?: number | undefined; attributes?: { ...; }[] | undefined; sku?: string | undefined; } | undefined; ... 6 more ...; preBuiltPC?: { ...; } | undefined...' is not assignable to type 'GuestCartItem[]'.
  Type 'GuestCartItem | { quantity: number; product: any; variant: { variantId: string; name?: string | undefined; price?: number | undefined; mrp?: number | undefined; stock?: number | undefined; attributes?: { ...; }[] | undefined; sku?: string | undefined; } | undefined; ... 6 more ...; preBuiltPC?: { ...; } | undefined; }' is not assignable to type 'GuestCartItem'.
    Type '{ quantity: number; product: any; variant: { variantId: string; name?: string; price?: number; mrp?: number; stock?: number; attributes?: Array<{ key: string; label: string; value: string; }>; sku?: string; } | undefined; ... 6 more ...; preBuiltPC?: { _id: string; name: string; slug: string; totalPrice: number; dis...' is not assignable to type 'GuestCartItem'.
      Types of property 'variant' are incompatible.
        Type '{ variantId: string; name?: string | undefined; price?: number | undefined; mrp?: number | undefined; stock?: number | undefined; attributes?: { key: string; label: string; value: string; }[] | undefined; sku?: string | undefined; } | undefined' is not assignable to type '{ variantId: string; name: string; price?: number | undefined; mrp?: number | undefined; stock?: number | undefined; sku?: string | undefined; attributes?: { key: string; label: string; value: string; }[] | undefined; images?: { ...; } | undefined; } | undefined'.
          Type '{ variantId: string; name?: string | undefined; price?: number | undefined; mrp?: number | undefined; stock?: number | undefined; attributes?: { key: string; label: string; value: string; }[] | undefined; sku?: string | undefined; }' is not assignable to type '{ variantId: string; name: string; price?: number | undefined; mrp?: number | undefined; stock?: number | undefined; sku?: string | undefined; attributes?: { key: string; label: string; value: string; }[] | undefined; images?: { ...; } | undefined; }'.
            Types of property 'name' are incompatible.
              Type 'string | undefined' is not assignable to type 'string'.
                Type 'undefined' is not assignable to type 'string'.
src/redux/actions/cartActions.ts(338,11): error TS2322: Type '{ variantId: string; name: string | undefined; price: number | undefined; mrp: number | undefined; stock: number | undefined; sku: string | undefined; attributes: { key: string; label: string; value: string; }[] | undefined; images: any; } | undefined' is not assignable to type '{ variantId: string; name: string; price?: number | undefined; mrp?: number | undefined; stock?: number | undefined; sku?: string | undefined; attributes?: { key: string; label: string; value: string; }[] | undefined; images?: { ...; } | undefined; } | undefined'.
  Type '{ variantId: string; name: string | undefined; price: number | undefined; mrp: number | undefined; stock: number | undefined; sku: string | undefined; attributes: { key: string; label: string; value: string; }[] | undefined; images: any; }' is not assignable to type '{ variantId: string; name: string; price?: number | undefined; mrp?: number | undefined; stock?: number | undefined; sku?: string | undefined; attributes?: { key: string; label: string; value: string; }[] | undefined; images?: { ...; } | undefined; }'.
    Types of property 'name' are incompatible.
      Type 'string | undefined' is not assignable to type 'string'.
        Type 'undefined' is not assignable to type 'string'.
src/redux/actions/cartActions.ts(346,42): error TS2339: Property 'images' does not exist on type '{ variantId: string; name?: string | undefined; price?: number | undefined; mrp?: number | undefined; stock?: number | undefined; attributes?: { key: string; label: string; value: string; }[] | undefined; sku?: string | undefined; }'.
src/redux/actions/cartActions.ts(380,20): error TS2339: Property 'success' does not exist on type '{ data: any; message: string; }'.
src/redux/actions/cartActions.ts(415,7): error TS6133: 'formatProductImages' is declared but its value is never read.
src/redux/actions/cartActions.ts(528,20): error TS2339: Property 'success' does not exist on type '{ data: any; message: string; }'.
src/redux/actions/cartActions.ts(612,13): error TS6133: 'response' is declared but its value is never read.
src/redux/actions/cartActions.ts(696,13): error TS2322: Type '{ _id: any; name: any; slug: any; totalPrice: any; discountPrice: any; stockQuantity: any; condition: any; performanceRating: any; images: any; category: any; specifications: any; } | { _id: string; ... 4 more ...; images: never[]; }' is not assignable to type '{ _id: string; name: string; slug: string; totalPrice: number; discountPrice?: number | undefined; stockQuantity: number; condition?: string | undefined; performanceRating?: number | undefined; images?: { ...; } | undefined; category?: { ...; } | undefined; specifications?: any; } | undefined'.
  Property 'slug' is missing in type '{ _id: string; name: string; totalPrice: any; stockQuantity: number; condition: string; images: never[]; }' but required in type '{ _id: string; name: string; slug: string; totalPrice: number; discountPrice?: number | undefined; stockQuantity: number; condition?: string | undefined; performanceRating?: number | undefined; images?: { ...; } | undefined; category?: { ...; } | undefined; specifications?: any; }'.
src/redux/actions/cartActions.ts(840,52): error TS2339: Property 'pcId' does not exist on type 'GuestCartItem'.
src/redux/actions/cartActions.ts(885,7): error TS6133: 'formatPCImages' is declared but its value is never read.
src/redux/actions/cartActions.ts(910,7): error TS6133: 'mergeDuplicateCartItems' is declared but its value is never read.
src/redux/actions/cartActions.ts(914,28): error TS6133: 'index' is declared but its value is never read.
src/redux/actions/checkoutActions.ts(3,17): error TS7016: Could not find a declaration file for module '../../components/config/axiosConfig'. 'D:/Subash/project/lokestore/frontend/src/components/config/axiosConfig.js' implicitly has an 'any' type.
src/redux/actions/checkoutActions.ts(4,30): error TS6133: 'GSTInfo' is declared but its value is never read.
src/redux/actions/orderActions.ts(3,17): error TS7016: Could not find a declaration file for module '../../components/config/axiosConfig'. 'D:/Subash/project/lokestore/frontend/src/components/config/axiosConfig.js' implicitly has an 'any' type.
src/redux/actions/orderActions.ts(9,3): error TS2395: Individual declarations in merged declaration 'processPaymentSuccess' must be all exported or all local.
src/redux/actions/orderActions.ts(9,3): error TS2440: Import declaration conflicts with local declaration of 'processPaymentSuccess'.
src/redux/actions/orderActions.ts(37,14): error TS2395: Individual declarations in merged declaration 'processPaymentSuccess' must be all exported or all local.
src/redux/actions/orderActions.ts(56,42): error TS2561: Object literal may only specify known properties, but 'order' does not exist in type '{ razorpay_order_id: string; razorpay_payment_id: string; razorpay_signature: string; orderId: string; }'. Did you mean to write 'orderId'?
src/redux/actions/preBuiltPCActions.ts(3,17): error TS7016: Could not find a declaration file for module '../../components/config/axiosConfig'. 'D:/Subash/project/lokestore/frontend/src/components/config/axiosConfig.js' implicitly has an 'any' type.
src/redux/actions/preBuiltPCActions.ts(165,59): error TS2345: Argument of type '{ limit: number; page: number; sortBy: string; category?: string | undefined; minPrice?: number | undefined; maxPrice?: number | undefined; tags?: string | undefined; search?: string | undefined; featured?: boolean | undefined; minRating?: number | undefined; inStock?: boolean | undefined; }' is not assignable to parameter of type 'PreBuiltPCFilters'.
  Types of property 'sortBy' are incompatible.
    Type 'string' is not assignable to type '"featured" | "newest" | "price-low" | "price-high" | "performance" | "gaming" | "productivity" | undefined'.
src/redux/actions/preBuiltPCActions.ts(218,54): error TS2345: Argument of type '{ minPrice: undefined; maxPrice: undefined; limit: number; page: number; sortBy: string; category?: string; tags?: string; search?: string; featured?: boolean; minRating?: number; inStock?: boolean; }' is not assignable to parameter of type 'Partial<PreBuiltPCFilters>'.
  Types of property 'sortBy' are incompatible.
    Type 'string' is not assignable to type '"featured" | "newest" | "price-low" | "price-high" | "performance" | "gaming" | "productivity" | undefined'.
src/redux/actions/productActions.ts(3,17): error TS7016: Could not find a declaration file for module '../../components/config/axiosConfig'. 'D:/Subash/project/lokestore/frontend/src/components/config/axiosConfig.js' implicitly has an 'any' type.
src/redux/actions/productActions.ts(223,25): error TS6133: 'filters' is declared but its value is never read.
src/redux/actions/productActions.ts(259,50): error TS6133: 'routeParams' is declared but its value is never read.
src/redux/actions/productActions.ts(276,7): error TS2353: Object literal may only specify known properties, and 'brands' does not exist in type 'Partial<AvailableFilters>'.
src/redux/actions/profileActions.ts(2,17): error TS7016: Could not find a declaration file for module '../../components/config/axiosConfig'. 'D:/Subash/project/lokestore/frontend/src/components/config/axiosConfig.js' implicitly has an 'any' type.
src/redux/actions/reviewActions.ts(3,17): error TS7016: Could not find a declaration file for module '../../components/config/axiosConfig'. 'D:/Subash/project/lokestore/frontend/src/components/config/axiosConfig.js' implicitly has an 'any' type.
src/redux/actions/reviewActions.ts(8,3): error TS6133: 'deleteReviewStart' is declared but its value is never read.
src/redux/actions/reviewActions.ts(8,22): error TS6133: 'deleteReviewSuccess' is declared but its value is never read.
src/redux/actions/reviewActions.ts(8,43): error TS6133: 'deleteReviewFailure' is declared but its value is never read.
src/redux/actions/reviewActions.ts(10,3): error TS6133: 'clearReviewError' is declared but its value is never read.
src/redux/actions/reviewActions.ts(10,21): error TS6133: 'clearReviewSuccess' is declared but its value is never read.
src/redux/actions/wishlistActions.ts(3,17): error TS7016: Could not find a declaration file for module '../../components/config/axiosConfig'. 'D:/Subash/project/lokestore/frontend/src/components/config/axiosConfig.js' implicitly has an 'any' type.
src/redux/actions/wishlistActions.ts(8,3): error TS6133: 'RemoveFromWishlistData' is declared but its value is never read.
src/redux/actions/wishlistActions.ts(22,3): error TS6133: 'setGuestWishlist' is declared but its value is never read.
src/redux/actions/wishlistActions.ts(24,3): error TS6133: 'syncWishlistSuccess' is declared but its value is never read.
src/redux/actions/wishlistActions.ts(26,3): error TS6133: 'setWishlistMode' is declared but its value is never read.
src/redux/actions/wishlistActions.ts(52,11): error TS2353: Object literal may only specify known properties, and 'success' does not exist in type '{ data: any; }'.
src/redux/actions/wishlistActions.ts(138,9): error TS2353: Object literal may only specify known properties, and 'success' does not exist in type '{ data: any; message: string; }'.
src/redux/actions/wishlistActions.ts(193,11): error TS2353: Object literal may only specify known properties, and 'success' does not exist in type '{ data: any; message: string; }'.
src/redux/actions/wishlistActions.ts(228,11): error TS2353: Object literal may only specify known properties, and 'success' does not exist in type '{ data: any; message: string; }'.
src/redux/actions/wishlistActions.ts(271,11): error TS2353: Object literal may only specify known properties, and 'success' does not exist in type '{ data: any; message: string; }'.
src/redux/actions/wishlistActions.ts(341,7): error TS6133: 'convertGuestWishlistToRedux' is declared but its value is never read.
src/redux/actions/wishlistActions.ts(342,3): error TS2322: Type '{ _id: string; product: { _id: string; }; addedAt: string; productType: "product" | "prebuilt-pc"; }[]' is not assignable to type 'WishlistItem[]'.
  Type '{ _id: string; product: { _id: string; }; addedAt: string; productType: "product" | "prebuilt-pc"; }' is not assignable to type 'WishlistItem'.
    Types of property 'product' are incompatible.
      Type '{ _id: string; }' is not assignable to type 'WishlistProduct | PreBuiltPC'.
        Type '{ _id: string; }' is missing the following properties from type 'PreBuiltPC': name, slug, totalPrice, stockQuantity, and 2 more.
src/redux/actions/wishlistActions.ts(389,9): error TS6133: 'prebuiltPCItems' is declared but its value is never read.
src/redux/actions/wishlistActions.ts(428,9): error TS2353: Object literal may only specify known properties, and 'isActive' does not exist in type 'WishlistProduct | PreBuiltPC'.
src/redux/actions/wishlistActions.ts(454,9): error TS2353: Object literal may only specify known properties, and 'isActive' does not exist in type 'WishlistProduct | PreBuiltPC'.
src/redux/actions/wishlistActions.ts(478,9): error TS2353: Object literal may only specify known properties, and 'isActive' does not exist in type 'WishlistProduct | PreBuiltPC'.
src/redux/actions/wishlistActions.ts(613,5): error TS2322: Type '{ product: { name: string; images: { thumbnail?: { url: string; altText?: string | undefined; } | undefined; hoverImage?: { url: string; altText?: string | undefined; } | undefined; gallery?: { ...; }[] | undefined; } | { ...; }[]; ... 13 more ...; variants?: any[] | undefined; } | { ...; }; ... 8 more ...; image?: ...' is not assignable to type 'WishlistItem[]'.
  Type '{ product: { name: string; images: { thumbnail?: { url: string; altText?: string; }; hoverImage?: { url: string; altText?: string; }; gallery?: Array<{ url: string; altText?: string; }>; } | { ...; }[]; ... 13 more ...; variants?: Array<any>; } | { ...; }; ... 8 more ...; image?: string; }' is not assignable to type 'WishlistItem'.
    Types of property 'product' are incompatible.
      Type '{ name: string; images: { thumbnail?: { url: string; altText?: string | undefined; } | undefined; hoverImage?: { url: string; altText?: string | undefined; } | undefined; gallery?: { url: string; altText?: string | undefined; }[] | undefined; } | { ...; }[]; ... 13 more ...; variants?: any[] | undefined; } | { ...; }' is not assignable to type 'WishlistProduct | PreBuiltPC'.
        Type '{ name: string; images: { thumbnail?: { url: string; altText?: string; }; hoverImage?: { url: string; altText?: string; }; gallery?: Array<{ url: string; altText?: string; }>; } | { ...; }[]; ... 13 more ...; variants?: Array<any>; }' is not assignable to type 'WishlistProduct | PreBuiltPC'.
          Type '{ name: string; images: { thumbnail?: { url: string; altText?: string; }; hoverImage?: { url: string; altText?: string; }; gallery?: Array<{ url: string; altText?: string; }>; } | { ...; }[]; ... 13 more ...; variants?: Array<any>; }' is not assignable to type 'WishlistProduct'.
            Types of property 'images' are incompatible.
              Type '{ thumbnail?: { url: string; altText?: string | undefined; } | undefined; hoverImage?: { url: string; altText?: string | undefined; } | undefined; gallery?: { url: string; altText?: string | undefined; }[] | undefined; } | { ...; }[]' is not assignable to type '{ thumbnail?: { url: string; altText?: string | undefined; } | undefined; hoverImage?: { url: string; altText?: string | undefined; } | undefined; gallery?: { url: string; altText?: string | undefined; }[] | undefined; }'.
                Type '{ url: string; public_id?: string | undefined; }[]' has no properties in common with type '{ thumbnail?: { url: string; altText?: string | undefined; } | undefined; hoverImage?: { url: string; altText?: string | undefined; } | undefined; gallery?: { url: string; altText?: string | undefined; }[] | undefined; }'.
src/redux/actions/wishlistActions.ts(628,29): error TS2339: Property 'preBuiltPC' does not exist on type 'WishlistItem'.
src/redux/actions/wishlistActions.ts(674,7): error TS2353: Object literal may only specify known properties, and 'isActive' does not exist in type 'WishlistProduct | PreBuiltPC'.
src/redux/actions/wishlistActions.ts(687,35): error TS2339: Property 'preBuiltPC' does not exist on type 'WishlistItem'.
src/redux/actions/wishlistActions.ts(703,7): error TS2353: Object literal may only specify known properties, and 'isActive' does not exist in type 'WishlistProduct | PreBuiltPC'.
src/redux/actions/wishlistActions.ts(754,21): error TS2322: Type '{ _id: any; name: any; images: any; price: any; slug: any; stock: any; category: any; specifications: any; } | { _id: string; name: string; images: never[]; price: number; slug: string; stock: number; category?: undefined; specifications?: undefined; }' is not assignable to type 'WishlistProduct | PreBuiltPC'.
  Type '{ _id: any; name: any; images: any; price: any; slug: any; stock: any; category: any; specifications: any; }' is not assignable to type 'WishlistProduct | PreBuiltPC'.
    Type '{ _id: any; name: any; images: any; price: any; slug: any; stock: any; category: any; specifications: any; }' is missing the following properties from type 'PreBuiltPC': totalPrice, stockQuantity
src/redux/actions/wishlistActions.ts(803,17): error TS2322: Type '{ _id: any; name: any; images: any; price: any; slug: any; stock: any; brand: any; condition: any; mrp: any; } | { _id: string; name: string; images: never[]; price: number; slug: string; stock: number; brand?: undefined; condition?: undefined; mrp?: undefined; }' is not assignable to type 'WishlistProduct | PreBuiltPC'.
  Type '{ _id: any; name: any; images: any; price: any; slug: any; stock: any; brand: any; condition: any; mrp: any; }' is not assignable to type 'WishlistProduct | PreBuiltPC'.
    Type '{ _id: any; name: any; images: any; price: any; slug: any; stock: any; brand: any; condition: any; mrp: any; }' is missing the following properties from type 'WishlistProduct': basePrice, stockQuantity
src/redux/actions/wishlistActions.ts(817,21): error TS2353: Object literal may only specify known properties, and 'price' does not exist in type 'WishlistProduct | PreBuiltPC'.
src/redux/actions/wishlistActions.ts(855,18): error TS2304: Cannot find name 'pcProductData'.
src/redux/actions/wishlistActions.ts(963,22): error TS2339: Property 'images' does not exist on type 'GuestWishlistItem'.
src/redux/actions/wishlistActions.ts(1009,15): error TS2322: Type '{ _id: string; product: { _id: string; name: string; price: number; images: never[]; slug: string; stock: number; }; variant: any; addedAt: string; productType: "product" | "prebuilt-pc"; }[]' is not assignable to type 'WishlistItem[]'.
  Type '{ _id: string; product: { _id: string; name: string; price: number; images: never[]; slug: string; stock: number; }; variant: any; addedAt: string; productType: "product" | "prebuilt-pc"; }' is not assignable to type 'WishlistItem'.
    Types of property 'product' are incompatible.
      Type '{ _id: string; name: string; price: number; images: never[]; slug: string; stock: number; }' is not assignable to type 'WishlistProduct | PreBuiltPC'.
        Type '{ _id: string; name: string; price: number; images: never[]; slug: string; stock: number; }' is missing the following properties from type 'PreBuiltPC': totalPrice, stockQuantity, category
src/redux/actions/wishlistActions.ts(1183,13): error TS2322: Type '{ _id: any; name: any; images: any; price: any; basePrice: any; offerPrice: any; slug: any; stockQuantity: any; condition: any; category: any; performanceRating: any; totalPrice: any; discountPrice: any; specifications: any; averageRating: any; totalReviews: any; } | { ...; }' is not assignable to type 'WishlistProduct | PreBuiltPC'.
  Type '{ _id: string; name: string; images: never[]; price: number; basePrice: number; offerPrice: number; slug: string; stockQuantity: number; condition: string; category?: undefined; performanceRating?: undefined; ... 4 more ...; totalReviews?: undefined; }' is not assignable to type 'WishlistProduct | PreBuiltPC'.
    Type '{ _id: string; name: string; images: never[]; price: number; basePrice: number; offerPrice: number; slug: string; stockQuantity: number; condition: string; category?: undefined; performanceRating?: undefined; ... 4 more ...; totalReviews?: undefined; }' is not assignable to type 'PreBuiltPC'.
      Types of property 'totalPrice' are incompatible.
        Type 'undefined' is not assignable to type 'number'.
src/redux/actions/wishlistActions.ts(1218,17): error TS2353: Object literal may only specify known properties, and 'price' does not exist in type 'WishlistProduct | PreBuiltPC'.
src/redux/selectors/authSelector.ts(38,20): error TS2339: Property 'firstName' does not exist on type 'never'.
src/redux/selectors/authSelector.ts(38,48): error TS2339: Property 'lastName' does not exist on type 'never'.
src/redux/selectors/authSelector.ts(46,20): error TS2339: Property 'firstName' does not exist on type 'never'.
src/redux/selectors/authSelector.ts(46,44): error TS2339: Property 'lastName' does not exist on type 'never'.
src/redux/selectors/cartSelectors.ts(65,57): error TS2551: Property 'productId' does not exist on type 'CartItem'. Did you mean 'product'?
src/redux/selectors/cartSelectors.ts(66,57): error TS2551: Property 'variantId' does not exist on type 'CartItem'. Did you mean 'variant'?
src/redux/selectors/cartSelectors.ts(78,57): error TS2551: Property 'productId' does not exist on type 'CartItem'. Did you mean 'product'?
src/redux/selectors/cartSelectors.ts(79,57): error TS2551: Property 'variantId' does not exist on type 'CartItem'. Did you mean 'variant'?
src/redux/selectors/cartSelectors.ts(90,76): error TS2339: Property 'preBuiltPC' does not exist on type 'CartItem'.
src/redux/selectors/cartSelectors.ts(90,95): error TS2339: Property 'pcId' does not exist on type 'CartItem'.
src/redux/selectors/cartSelectors.ts(108,31): error TS2339: Property 'preBuiltPC' does not exist on type 'CartItem'.
src/redux/selectors/cartSelectors.ts(108,55): error TS2339: Property 'pcId' does not exist on type 'CartItem'.
src/redux/selectors/cartSelectors.ts(109,60): error TS2339: Property 'preBuiltPC' does not exist on type 'CartItem'.
src/redux/selectors/cartSelectors.ts(120,31): error TS2339: Property 'preBuiltPC' does not exist on type 'CartItem'.
src/redux/selectors/cartSelectors.ts(120,55): error TS2339: Property 'pcId' does not exist on type 'CartItem'.
src/redux/selectors/cartSelectors.ts(121,60): error TS2339: Property 'preBuiltPC' does not exist on type 'CartItem'.
src/redux/selectors/cartSelectors.ts(142,93): error TS2339: Property 'preBuiltPC' does not exist on type 'CartItem'.
src/redux/selectors/cartSelectors.ts(142,112): error TS2339: Property 'pcId' does not exist on type 'CartItem'.
src/redux/selectors/checkoutSelectors.ts(149,13): error TS6133: 'subtotal' is declared but its value is never read.
src/redux/selectors/orderSelectors.ts(5,63): error TS2339: Property 'order' does not exist on type '{ productsState: ProductState; checkout: CheckoutState; productState: ProductState; authState: { loading: boolean; isAuthenticated: boolean; user: null; token: string | null; error: null; initialized: boolean; }; ... 5 more ...; orderState: OrderState; }'.
src/redux/selectors/orderSelectors.ts(6,57): error TS2339: Property 'order' does not exist on type '{ productsState: ProductState; checkout: CheckoutState; productState: ProductState; authState: { loading: boolean; isAuthenticated: boolean; user: null; token: string | null; error: null; initialized: boolean; }; ... 5 more ...; orderState: OrderState; }'.
src/redux/selectors/orderSelectors.ts(7,63): error TS2339: Property 'order' does not exist on type '{ productsState: ProductState; checkout: CheckoutState; productState: ProductState; authState: { loading: boolean; isAuthenticated: boolean; user: null; token: string | null; error: null; initialized: boolean; }; ... 5 more ...; orderState: OrderState; }'.
src/redux/selectors/orderSelectors.ts(8,64): error TS2339: Property 'order' does not exist on type '{ productsState: ProductState; checkout: CheckoutState; productState: ProductState; authState: { loading: boolean; isAuthenticated: boolean; user: null; token: string | null; error: null; initialized: boolean; }; ... 5 more ...; orderState: OrderState; }'.
src/redux/selectors/orderSelectors.ts(9,61): error TS2339: Property 'order' does not exist on type '{ productsState: ProductState; checkout: CheckoutState; productState: ProductState; authState: { loading: boolean; isAuthenticated: boolean; user: null; token: string | null; error: null; initialized: boolean; }; ... 5 more ...; orderState: OrderState; }'.
src/redux/selectors/orderSelectors.ts(10,68): error TS2339: Property 'order' does not exist on type '{ productsState: ProductState; checkout: CheckoutState; productState: ProductState; authState: { loading: boolean; isAuthenticated: boolean; user: null; token: string | null; error: null; initialized: boolean; }; ... 5 more ...; orderState: OrderState; }'.
src/redux/selectors/orderSelectors.ts(11,65): error TS2339: Property 'order' does not exist on type '{ productsState: ProductState; checkout: CheckoutState; productState: ProductState; authState: { loading: boolean; isAuthenticated: boolean; user: null; token: string | null; error: null; initialized: boolean; }; ... 5 more ...; orderState: OrderState; }'.
src/redux/selectors/orderSelectors.ts(14,9): error TS2339: Property 'order' does not exist on type '{ productsState: ProductState; checkout: CheckoutState; productState: ProductState; authState: { loading: boolean; isAuthenticated: boolean; user: null; token: string | null; error: null; initialized: boolean; }; ... 5 more ...; orderState: OrderState; }'.
src/redux/selectors/orderSelectors.ts(14,29): error TS7006: Parameter 'order' implicitly has an 'any' type.
src/redux/selectors/orderSelectors.ts(14,70): error TS2339: Property 'order' does not exist on type '{ productsState: ProductState; checkout: CheckoutState; productState: ProductState; authState: { loading: boolean; isAuthenticated: boolean; user: null; token: string | null; error: null; initialized: boolean; }; ... 5 more ...; orderState: OrderState; }'.
src/redux/selectors/orderSelectors.ts(17,9): error TS2339: Property 'order' does not exist on type '{ productsState: ProductState; checkout: CheckoutState; productState: ProductState; authState: { loading: boolean; isAuthenticated: boolean; user: null; token: string | null; error: null; initialized: boolean; }; ... 5 more ...; orderState: OrderState; }'.
src/redux/selectors/orderSelectors.ts(17,29): error TS7006: Parameter 'order' implicitly has an 'any' type.
src/redux/selectors/orderSelectors.ts(18,10): error TS2339: Property 'order' does not exist on type '{ productsState: ProductState; checkout: CheckoutState; productState: ProductState; authState: { loading: boolean; isAuthenticated: boolean; user: null; token: string | null; error: null; initialized: boolean; }; ... 5 more ...; orderState: OrderState; }'.
src/redux/selectors/orderSelectors.ts(18,67): error TS2339: Property 'order' does not exist on type '{ productsState: ProductState; checkout: CheckoutState; productState: ProductState; authState: { loading: boolean; isAuthenticated: boolean; user: null; token: string | null; error: null; initialized: boolean; }; ... 5 more ...; orderState: OrderState; }'.
src/redux/selectors/productSelector.ts(91,9): error TS18048: 'filters.rating' is possibly 'undefined'.
src/redux/selectors/profileSelectors.ts(36,25): error TS2339: Property 'name' does not exist on type 'UserProfile'.
src/redux/selectors/profileSelectors.ts(51,25): error TS2339: Property 'isVerified' does not exist on type 'UserProfile'.
src/redux/selectors/profileSelectors.ts(73,17): error TS2339: Property 'name' does not exist on type 'UserProfile'.
src/redux/selectors/profileSelectors.ts(73,33): error TS2339: Property 'name' does not exist on type 'UserProfile'.
src/redux/selectors/profileSelectors.ts(76,17): error TS2339: Property 'isVerified' does not exist on type 'UserProfile'.
src/redux/selectors/profileSelectors.ts(108,30): error TS2339: Property 'isVerified' does not exist on type 'UserProfile'.
src/redux/selectors/profileSelectors.ts(124,31): error TS2339: Property 'url' does not exist on type 'string'.
src/redux/selectors/profileSelectors.ts(131,19): error TS2339: Property 'name' does not exist on type 'UserProfile'.
src/redux/selectors/profileSelectors.ts(133,20): error TS2339: Property 'name' does not exist on type 'UserProfile'.
src/redux/selectors/profileSelectors.ts(135,12): error TS7006: Parameter 'part' implicitly has an 'any' type.
src/redux/selectors/wishlistSelectors.ts(18,38): error TS2339: Property 'items' does not exist on type 'WishlistItem[]'.
src/redux/selectors/wishlistSelectors.ts(19,27): error TS2339: Property 'items' does not exist on type 'WishlistItem[]'.
src/redux/selectors/wishlistSelectors.ts(42,36): error TS2339: Property 'updating' does not exist on type 'WishlistState'.
src/redux/selectors/wishlistSelectors.ts(47,36): error TS2339: Property 'checkedItems' does not exist on type 'WishlistState'.
src/redux/selectors/wishlistSelectors.ts(59,27): error TS7006: Parameter 'item' implicitly has an 'any' type.
src/redux/selectors/wishlistSelectors.ts(67,25): error TS7006: Parameter 'item' implicitly has an 'any' type.
src/redux/selectors/wishlistSelectors.ts(85,24): error TS7006: Parameter 'item' implicitly has an 'any' type.
src/redux/selectors/wishlistSelectors.ts(94,31): error TS7006: Parameter 'total' implicitly has an 'any' type.
src/redux/selectors/wishlistSelectors.ts(94,38): error TS7006: Parameter 'item' implicitly has an 'any' type.
src/redux/selectors/wishlistSelectors.ts(104,36): error TS2339: Property 'isGuest' does not exist on type 'WishlistState'.
src/redux/selectors/wishlistSelectors.ts(109,36): error TS2339: Property 'updating' does not exist on type 'WishlistState'.
src/redux/selectors/wishlistSelectors.ts(123,28): error TS2339: Property 'isGuest' does not exist on type 'WishlistState'.
src/redux/selectors/wishlistSelectors.ts(126,29): error TS2339: Property 'updating' does not exist on type 'WishlistState'.
src/redux/slices/authSlice.ts(4,23): error TS7006: Parameter 'token' implicitly has an 'any' type.
src/redux/slices/authSlice.ts(28,29): error TS6133: 'action' is declared but its value is never read.
src/redux/slices/authSlice.ts(62,32): error TS6133: 'action' is declared but its value is never read.
src/redux/slices/authSlice.ts(95,30): error TS6133: 'action' is declared but its value is never read.
src/redux/slices/authSlice.ts(101,36): error TS6133: 'action' is declared but its value is never read.
src/redux/slices/authSlice.ts(132,30): error TS6133: 'action' is declared but its value is never read.
src/redux/slices/authSlice.ts(147,23): error TS6133: 'action' is declared but its value is never read.
src/redux/slices/authSlice.ts(182,25): error TS2698: Spread types may only be created from object types.
src/redux/slices/authSlice.ts(191,31): error TS6133: 'action' is declared but its value is never read.
src/redux/slices/authSlice.ts(199,33): error TS6133: 'action' is declared but its value is never read.
src/redux/slices/checkoutSlice.ts(55,26): error TS6133: 'state' is declared but its value is never read.
src/redux/slices/checkoutSlice.ts(72,64): error TS7006: Parameter 'addr' implicitly has an 'any' type.
src/redux/slices/checkoutSlice.ts(84,11): error TS2741: Property 'summary' is missing in type '{ cartItems: never[]; addresses: WritableDraft<CheckoutAddress>[]; pricing: { subtotal: number; shipping: number; tax: number; discount: number; total: number; }; }' but required in type 'WritableDraft<CheckoutData>'.
src/redux/slices/checkoutSlice.ts(154,65): error TS6133: 'action' is declared but its value is never read.
src/redux/slices/orderSlice.ts(126,29): error TS6133: 'state' is declared but its value is never read.
src/redux/slices/preBuiltPCSlice.ts(101,7): error TS2322: Type 'string' is not assignable to type '"featured" | "newest" | "price-low" | "price-high" | "performance" | "gaming" | "productivity" | undefined'.
src/redux/slices/productSlice.ts(2,33): error TS6133: 'ProductFilters' is declared but its value is never read.
src/redux/slices/productSlice.ts(25,5): error TS2353: Object literal may only specify known properties, and 'brands' does not exist in type 'AvailableFilters'.
src/redux/slices/productSlice.ts(145,38): error TS18048: 'state.filters.maxPrice' is possibly 'undefined'.
src/redux/slices/wishlistSlice.ts(9,3): error TS2353: Object literal may only specify known properties, and 'updating' does not exist in type 'WishlistState'.
src/redux/slices/wishlistSlice.ts(33,11): error TS2339: Property 'isGuest' does not exist on type 'WritableDraft<WishlistState>'.
src/redux/slices/wishlistSlice.ts(34,11): error TS2339: Property 'checkedItems' does not exist on type 'WritableDraft<WishlistState>'.
src/redux/slices/wishlistSlice.ts(42,3): error TS2322: Type '{ variant: { variantId: string; name?: string | undefined; price?: number | undefined; mrp?: number | undefined; stock?: number | undefined; attributes?: { key: string; label: string; value: string; displayValue?: string | undefined; hexCode?: string | undefined; isColor?: boolean | undefined; }[] | undefined; sku?:...' is not assignable to type 'WritableDraft<WishlistItem>[]'.
  Type '{ variant: { variantId: string; name?: string; price?: number; mrp?: number; stock?: number; attributes?: Array<{ key: string; label: string; value: string; displayValue?: string; hexCode?: string; isColor?: boolean; }>; sku?: string; } | undefined; ... 8 more ...; image?: string; }' is not assignable to type 'WritableDraft<WishlistItem>'.
    Types of property 'product' are incompatible.
      Type '{ images: { thumbnail?: { url: string; altText?: string | undefined; } | undefined; hoverImage?: { url: string; altText?: string | undefined; } | undefined; gallery?: { url: string; altText?: string | undefined; }[] | undefined; } | { ...; }; ... 14 more ...; variants?: any[] | undefined; } | { ...; }' is not assignable to type 'WritableDraft<WishlistProduct> | WritableDraft<PreBuiltPC>'.
        Type '{ images: { thumbnail?: { url: string; altText?: string; }; hoverImage?: { url: string; altText?: string; }; gallery?: Array<{ url: string; altText?: string; }>; } | { [n: number]: { url: string; public_id?: string; }; ... 34 more ...; at(index: number): { ...; } | undefined; }; ... 14 more ...; variants?: Array<any...' is not assignable to type 'WritableDraft<WishlistProduct> | WritableDraft<PreBuiltPC>'.
          Type '{ images: { thumbnail?: { url: string; altText?: string; }; hoverImage?: { url: string; altText?: string; }; gallery?: Array<{ url: string; altText?: string; }>; } | { [n: number]: { url: string; public_id?: string; }; ... 34 more ...; at(index: number): { ...; } | undefined; }; ... 14 more ...; variants?: Array<any...' is not assignable to type 'WritableDraft<WishlistProduct>'.
            Types of property 'images' are incompatible.
              Type '{ thumbnail?: { url: string; altText?: string | undefined; } | undefined; hoverImage?: { url: string; altText?: string | undefined; } | undefined; gallery?: { url: string; altText?: string | undefined; }[] | undefined; } | { ...; }' is not assignable to type 'WritableDraft<{ thumbnail?: { url: string; altText?: string | undefined; } | undefined; hoverImage?: { url: string; altText?: string | undefined; } | undefined; gallery?: { url: string; altText?: string | undefined; }[] | undefined; }>'.
                Type '{ [n: number]: { url: string; public_id?: string | undefined; }; length: number; toString(): string; toLocaleString(): string; toLocaleString(locales: string | string[], options?: (NumberFormatOptions & DateTimeFormatOptions) | undefined): string; ... 31 more ...; at(index: number): { ...; } | undefined; }' has no properties in common with type 'WritableDraft<{ thumbnail?: { url: string; altText?: string | undefined; } | undefined; hoverImage?: { url: string; altText?: string | undefined; } | undefined; gallery?: { url: string; altText?: string | undefined; }[] | undefined; }>'.
src/redux/slices/wishlistSlice.ts(54,9): error TS2339: Property 'isGuest' does not exist on type 'WritableDraft<WishlistState>'.
src/redux/slices/wishlistSlice.ts(57,9): error TS2339: Property 'checkedItems' does not exist on type 'WritableDraft<WishlistState>'.
src/redux/slices/wishlistSlice.ts(69,13): error TS2339: Property 'updating' does not exist on type 'WritableDraft<WishlistState>'.
src/redux/slices/wishlistSlice.ts(74,9): error TS2339: Property 'updating' does not exist on type 'WritableDraft<WishlistState>'.
src/redux/slices/wishlistSlice.ts(84,3): error TS2322: Type '{ variant: { variantId: string; name?: string | undefined; price?: number | undefined; mrp?: number | undefined; stock?: number | undefined; attributes?: { key: string; label: string; value: string; displayValue?: string | undefined; hexCode?: string | undefined; isColor?: boolean | undefined; }[] | undefined; sku?:...' is not assignable to type 'WritableDraft<WishlistItem>[]'.
  Type '{ variant: { variantId: string; name?: string; price?: number; mrp?: number; stock?: number; attributes?: Array<{ key: string; label: string; value: string; displayValue?: string; hexCode?: string; isColor?: boolean; }>; sku?: string; } | undefined; ... 8 more ...; image?: string; }' is not assignable to type 'WritableDraft<WishlistItem>'.
    Types of property 'product' are incompatible.
      Type '{ images: { thumbnail?: { url: string; altText?: string | undefined; } | undefined; hoverImage?: { url: string; altText?: string | undefined; } | undefined; gallery?: { url: string; altText?: string | undefined; }[] | undefined; } | { ...; }; ... 14 more ...; variants?: any[] | undefined; } | { ...; }' is not assignable to type 'WritableDraft<WishlistProduct> | WritableDraft<PreBuiltPC>'.
        Type '{ images: { thumbnail?: { url: string; altText?: string; }; hoverImage?: { url: string; altText?: string; }; gallery?: Array<{ url: string; altText?: string; }>; } | { [n: number]: { url: string; public_id?: string; }; ... 34 more ...; at(index: number): { ...; } | undefined; }; ... 14 more ...; variants?: Array<any...' is not assignable to type 'WritableDraft<WishlistProduct> | WritableDraft<PreBuiltPC>'.
          Type '{ images: { thumbnail?: { url: string; altText?: string; }; hoverImage?: { url: string; altText?: string; }; gallery?: Array<{ url: string; altText?: string; }>; } | { [n: number]: { url: string; public_id?: string; }; ... 34 more ...; at(index: number): { ...; } | undefined; }; ... 14 more ...; variants?: Array<any...' is not assignable to type 'WritableDraft<WishlistProduct>'.
            Types of property 'images' are incompatible.
              Type '{ thumbnail?: { url: string; altText?: string | undefined; } | undefined; hoverImage?: { url: string; altText?: string | undefined; } | undefined; gallery?: { url: string; altText?: string | undefined; }[] | undefined; } | { ...; }' is not assignable to type 'WritableDraft<{ thumbnail?: { url: string; altText?: string | undefined; } | undefined; hoverImage?: { url: string; altText?: string | undefined; } | undefined; gallery?: { url: string; altText?: string | undefined; }[] | undefined; }>'.
                Type '{ [n: number]: { url: string; public_id?: string | undefined; }; length: number; toString(): string; toLocaleString(): string; toLocaleString(locales: string | string[], options?: (NumberFormatOptions & DateTimeFormatOptions) | undefined): string; ... 31 more ...; at(index: number): { ...; } | undefined; }' has no properties in common with type 'WritableDraft<{ thumbnail?: { url: string; altText?: string | undefined; } | undefined; hoverImage?: { url: string; altText?: string | undefined; } | undefined; gallery?: { url: string; altText?: string | undefined; }[] | undefined; }>'.
src/redux/slices/wishlistSlice.ts(93,9): error TS2339: Property 'isGuest' does not exist on type 'WritableDraft<WishlistState>'.
src/redux/slices/wishlistSlice.ts(94,9): error TS2339: Property 'checkedItems' does not exist on type 'WritableDraft<WishlistState>'.
src/redux/slices/wishlistSlice.ts(100,9): error TS2339: Property 'updating' does not exist on type 'WritableDraft<WishlistState>'.
src/redux/slices/wishlistSlice.ts(110,3): error TS2322: Type '{ variant: { variantId: string; name?: string | undefined; price?: number | undefined; mrp?: number | undefined; stock?: number | undefined; attributes?: { key: string; label: string; value: string; displayValue?: string | undefined; hexCode?: string | undefined; isColor?: boolean | undefined; }[] | undefined; sku?:...' is not assignable to type 'WritableDraft<WishlistItem>[]'.
  Type '{ variant: { variantId: string; name?: string; price?: number; mrp?: number; stock?: number; attributes?: Array<{ key: string; label: string; value: string; displayValue?: string; hexCode?: string; isColor?: boolean; }>; sku?: string; } | undefined; ... 8 more ...; image?: string; }' is not assignable to type 'WritableDraft<WishlistItem>'.
    Types of property 'product' are incompatible.
      Type '{ images: { thumbnail?: { url: string; altText?: string | undefined; } | undefined; hoverImage?: { url: string; altText?: string | undefined; } | undefined; gallery?: { url: string; altText?: string | undefined; }[] | undefined; } | { ...; }; ... 14 more ...; variants?: any[] | undefined; } | { ...; }' is not assignable to type 'WritableDraft<WishlistProduct> | WritableDraft<PreBuiltPC>'.
        Type '{ images: { thumbnail?: { url: string; altText?: string; }; hoverImage?: { url: string; altText?: string; }; gallery?: Array<{ url: string; altText?: string; }>; } | { [n: number]: { url: string; public_id?: string; }; ... 34 more ...; at(index: number): { ...; } | undefined; }; ... 14 more ...; variants?: Array<any...' is not assignable to type 'WritableDraft<WishlistProduct> | WritableDraft<PreBuiltPC>'.
          Type '{ images: { thumbnail?: { url: string; altText?: string; }; hoverImage?: { url: string; altText?: string; }; gallery?: Array<{ url: string; altText?: string; }>; } | { [n: number]: { url: string; public_id?: string; }; ... 34 more ...; at(index: number): { ...; } | undefined; }; ... 14 more ...; variants?: Array<any...' is not assignable to type 'WritableDraft<WishlistProduct>'.
            Types of property 'images' are incompatible.
              Type '{ thumbnail?: { url: string; altText?: string | undefined; } | undefined; hoverImage?: { url: string; altText?: string | undefined; } | undefined; gallery?: { url: string; altText?: string | undefined; }[] | undefined; } | { ...; }' is not assignable to type 'WritableDraft<{ thumbnail?: { url: string; altText?: string | undefined; } | undefined; hoverImage?: { url: string; altText?: string | undefined; } | undefined; gallery?: { url: string; altText?: string | undefined; }[] | undefined; }>'.
                Type '{ [n: number]: { url: string; public_id?: string | undefined; }; length: number; toString(): string; toLocaleString(): string; toLocaleString(locales: string | string[], options?: (NumberFormatOptions & DateTimeFormatOptions) | undefined): string; ... 31 more ...; at(index: number): { ...; } | undefined; }' has no properties in common with type 'WritableDraft<{ thumbnail?: { url: string; altText?: string | undefined; } | undefined; hoverImage?: { url: string; altText?: string | undefined; } | undefined; gallery?: { url: string; altText?: string | undefined; }[] | undefined; }>'.
src/redux/slices/wishlistSlice.ts(119,9): error TS2339: Property 'checkedItems' does not exist on type 'WritableDraft<WishlistState>'.
src/redux/slices/wishlistSlice.ts(122,9): error TS2339: Property 'isGuest' does not exist on type 'WritableDraft<WishlistState>'.
src/redux/slices/wishlistSlice.ts(126,13): error TS2339: Property 'updating' does not exist on type 'WritableDraft<WishlistState>'.
src/redux/slices/wishlistSlice.ts(132,13): error TS2339: Property 'updating' does not exist on type 'WritableDraft<WishlistState>'.
src/redux/slices/wishlistSlice.ts(134,13): error TS2339: Property 'checkedItems' does not exist on type 'WritableDraft<WishlistState>'.
src/redux/slices/wishlistSlice.ts(135,13): error TS2339: Property 'isGuest' does not exist on type 'WritableDraft<WishlistState>'.
src/redux/slices/wishlistSlice.ts(147,20): error TS2339: Property 'checkedItems' does not exist on type 'WritableDraft<WishlistState>'.
src/redux/slices/wishlistSlice.ts(148,17): error TS2339: Property 'checkedItems' does not exist on type 'WritableDraft<WishlistState>'.
src/redux/slices/wishlistSlice.ts(152,15): error TS2339: Property 'checkedItems' does not exist on type 'WritableDraft<WishlistState>'.
src/redux/slices/wishlistSlice.ts(152,36): error TS2339: Property 'checkedItems' does not exist on type 'WritableDraft<WishlistState>'.
src/redux/slices/wishlistSlice.ts(152,56): error TS7006: Parameter 'id' implicitly has an 'any' type.
src/redux/slices/wishlistSlice.ts(172,20): error TS2339: Property 'checkedItems' does not exist on type 'WritableDraft<WishlistState>'.
src/redux/slices/wishlistSlice.ts(173,17): error TS2339: Property 'checkedItems' does not exist on type 'WritableDraft<WishlistState>'.
src/redux/slices/wishlistSlice.ts(191,11): error TS2339: Property 'checkedItems' does not exist on type 'WritableDraft<WishlistState>'.
src/redux/slices/wishlistSlice.ts(191,32): error TS2339: Property 'checkedItems' does not exist on type 'WritableDraft<WishlistState>'.
src/redux/slices/wishlistSlice.ts(191,52): error TS7006: Parameter 'id' implicitly has an 'any' type.
src/redux/slices/wishlistSlice.ts(201,22): error TS2339: Property 'checkedItems' does not exist on type 'WritableDraft<WishlistState>'.
src/redux/slices/wishlistSlice.ts(202,19): error TS2339: Property 'checkedItems' does not exist on type 'WritableDraft<WishlistState>'.
src/redux/slices/wishlistSlice.ts(207,15): error TS2339: Property 'checkedItems' does not exist on type 'WritableDraft<WishlistState>'.
src/redux/slices/wishlistSlice.ts(207,36): error TS2339: Property 'checkedItems' does not exist on type 'WritableDraft<WishlistState>'.
src/redux/slices/wishlistSlice.ts(207,56): error TS7006: Parameter 'id' implicitly has an 'any' type.
src/redux/slices/wishlistSlice.ts(217,13): error TS2339: Property 'checkedItems' does not exist on type 'WritableDraft<WishlistState>'.
src/redux/slices/wishlistSlice.ts(220,13): error TS2339: Property 'isGuest' does not exist on type 'WritableDraft<WishlistState>'.
src/redux/slices/wishlistSlice.ts(225,13): error TS2339: Property 'updating' does not exist on type 'WritableDraft<WishlistState>'.
src/redux/slices/wishlistSlice.ts(230,13): error TS2339: Property 'updating' does not exist on type 'WritableDraft<WishlistState>'.
src/redux/slices/wishlistSlice.ts(236,13): error TS2339: Property 'isGuest' does not exist on type 'WritableDraft<WishlistState>'.
